# JRE version: OpenJDK Runtime Environment (20.0.1+9) (build 20.0.1+9-29)
# Java VM: OpenJDK 64-Bit Server VM (20.0.1+9-29, mixed mode, sharing, tiered, compressed oops, compressed class ptrs, g1 gc, windows-amd64)
GC Precious Log:
 CardTable entry size: 512
 Card Set container configuration: InlinePtr #cards 4 size 8 Array Of Cards #cards 16 size 48 Howl #buckets 8 coarsen threshold 3686 Howl Bitmap #cards 512 size 80 coarsen threshold 460 Card regions per heap region 1 cards per card region 4096
 CPUs: 8 total, 8 available
 Memory: 16129M
 Large Page Support: Disabled
 NUMA Support: Disabled
 Compressed Oops: Enabled (Zero based)
 Heap Region Size: 2M
 Heap Min Capacity: 8M
 Heap Initial Capacity: 254M
 Heap Max Capacity: 4034M
 Pre-touch: Disabled
 Parallel Workers: 8
 Concurrent Workers: 2
 Concurrent Refinement Workers: 8
 Periodic GC: Disabled
Heap:
 garbage-first heap   total 376832K, used 137423K [0x0000000703e00000, 0x0000000800000000)
  region size 2048K, 61 young (124928K), 2 survivors (4096K)
 Metaspace       used 10327K, committed 10560K, reserved 1114112K
  class space    used 893K, committed 1024K, reserved 1048576K
GC Heap History (20 events):
Event: 64.857 GC heap before
{Heap before GC invocations=313 (full 0):
 garbage-first heap   total 376832K, used 238839K [0x0000000703e00000, 0x0000000800000000)
  region size 2048K, 110 young (225280K), 1 survivors (2048K)
 Metaspace       used 10324K, committed 10560K, reserved 1114112K
  class space    used 893K, committed 1024K, reserved 1048576K
}
Event: 64.858 GC heap after
{Heap after GC invocations=314 (full 0):
 garbage-first heap   total 376832K, used 17658K [0x0000000703e00000, 0x0000000800000000)
  region size 2048K, 1 young (2048K), 1 survivors (2048K)
 Metaspace       used 10324K, committed 10560K, reserved 1114112K
  class space    used 893K, committed 1024K, reserved 1048576K
}
Event: 65.086 GC heap before
{Heap before GC invocations=314 (full 0):
 garbage-first heap   total 376832K, used 238842K [0x0000000703e00000, 0x0000000800000000)
  region size 2048K, 110 young (225280K), 1 survivors (2048K)
 Metaspace       used 10324K, committed 10560K, reserved 1114112K
  class space    used 893K, committed 1024K, reserved 1048576K
}
Event: 65.088 GC heap after
{Heap after GC invocations=315 (full 0):
 garbage-first heap   total 376832K, used 17666K [0x0000000703e00000, 0x0000000800000000)
  region size 2048K, 1 young (2048K), 1 survivors (2048K)
 Metaspace       used 10324K, committed 10560K, reserved 1114112K
  class space    used 893K, committed 1024K, reserved 1048576K
}
Event: 65.323 GC heap before
{Heap before GC invocations=315 (full 0):
 garbage-first heap   total 376832K, used 238850K [0x0000000703e00000, 0x0000000800000000)
  region size 2048K, 110 young (225280K), 1 survivors (2048K)
 Metaspace       used 10324K, committed 10560K, reserved 1114112K
  class space    used 893K, committed 1024K, reserved 1048576K
}
Event: 65.323 GC heap after
{Heap after GC invocations=316 (full 0):
 garbage-first heap   total 376832K, used 17677K [0x0000000703e00000, 0x0000000800000000)
  region size 2048K, 1 young (2048K), 1 survivors (2048K)
 Metaspace       used 10324K, committed 10560K, reserved 1114112K
  class space    used 893K, committed 1024K, reserved 1048576K
}
Event: 65.533 GC heap before
{Heap before GC invocations=316 (full 0):
 garbage-first heap   total 376832K, used 238861K [0x0000000703e00000, 0x0000000800000000)
  region size 2048K, 110 young (225280K), 1 survivors (2048K)
 Metaspace       used 10324K, committed 10560K, reserved 1114112K
  class space    used 893K, committed 1024K, reserved 1048576K
}
Event: 65.535 GC heap after
{Heap after GC invocations=317 (full 0):
 garbage-first heap   total 376832K, used 20672K [0x0000000703e00000, 0x0000000800000000)
  region size 2048K, 2 young (4096K), 2 survivors (4096K)
 Metaspace       used 10324K, committed 10560K, reserved 1114112K
  class space    used 893K, committed 1024K, reserved 1048576K
}
Event: 65.761 GC heap before
{Heap before GC invocations=317 (full 0):
 garbage-first heap   total 376832K, used 239808K [0x0000000703e00000, 0x0000000800000000)
  region size 2048K, 110 young (225280K), 2 survivors (4096K)
 Metaspace       used 10324K, committed 10560K, reserved 1114112K
  class space    used 893K, committed 1024K, reserved 1048576K
}
Event: 65.763 GC heap after
{Heap after GC invocations=318 (full 0):
 garbage-first heap   total 376832K, used 20682K [0x0000000703e00000, 0x0000000800000000)
  region size 2048K, 2 young (4096K), 2 survivors (4096K)
 Metaspace       used 10324K, committed 10560K, reserved 1114112K
  class space    used 893K, committed 1024K, reserved 1048576K
}
Event: 65.992 GC heap before
{Heap before GC invocations=318 (full 0):
 garbage-first heap   total 376832K, used 239818K [0x0000000703e00000, 0x0000000800000000)
  region size 2048K, 110 young (225280K), 2 survivors (4096K)
 Metaspace       used 10324K, committed 10560K, reserved 1114112K
  class space    used 893K, committed 1024K, reserved 1048576K
}
Event: 65.993 GC heap after
{Heap after GC invocations=319 (full 0):
 garbage-first heap   total 376832K, used 17686K [0x0000000703e00000, 0x0000000800000000)
  region size 2048K, 1 young (2048K), 1 survivors (2048K)
 Metaspace       used 10324K, committed 10560K, reserved 1114112K
  class space    used 893K, committed 1024K, reserved 1048576K
}
Event: 66.209 GC heap before
{Heap before GC invocations=319 (full 0):
 garbage-first heap   total 376832K, used 238870K [0x0000000703e00000, 0x0000000800000000)
  region size 2048K, 110 young (225280K), 1 survivors (2048K)
 Metaspace       used 10324K, committed 10560K, reserved 1114112K
  class space    used 893K, committed 1024K, reserved 1048576K
}
Event: 66.210 GC heap after
{Heap after GC invocations=320 (full 0):
 garbage-first heap   total 376832K, used 20681K [0x0000000703e00000, 0x0000000800000000)
  region size 2048K, 2 young (4096K), 2 survivors (4096K)
 Metaspace       used 10324K, committed 10560K, reserved 1114112K
  class space    used 893K, committed 1024K, reserved 1048576K
}
Event: 66.423 GC heap before
{Heap before GC invocations=320 (full 0):
 garbage-first heap   total 376832K, used 239817K [0x0000000703e00000, 0x0000000800000000)
  region size 2048K, 110 young (225280K), 2 survivors (4096K)
 Metaspace       used 10324K, committed 10560K, reserved 1114112K
  class space    used 893K, committed 1024K, reserved 1048576K
}
Event: 66.424 GC heap after
{Heap after GC invocations=321 (full 0):
 garbage-first heap   total 376832K, used 20684K [0x0000000703e00000, 0x0000000800000000)
  region size 2048K, 2 young (4096K), 2 survivors (4096K)
 Metaspace       used 10324K, committed 10560K, reserved 1114112K
  class space    used 893K, committed 1024K, reserved 1048576K
}
Event: 66.642 GC heap before
{Heap before GC invocations=321 (full 0):
 garbage-first heap   total 376832K, used 239820K [0x0000000703e00000, 0x0000000800000000)
  region size 2048K, 110 young (225280K), 2 survivors (4096K)
 Metaspace       used 10324K, committed 10560K, reserved 1114112K
  class space    used 893K, committed 1024K, reserved 1048576K
}
Event: 66.643 GC heap after
{Heap after GC invocations=322 (full 0):
 garbage-first heap   total 376832K, used 17690K [0x0000000703e00000, 0x0000000800000000)
  region size 2048K, 1 young (2048K), 1 survivors (2048K)
 Metaspace       used 10324K, committed 10560K, reserved 1114112K
  class space    used 893K, committed 1024K, reserved 1048576K
}
Event: 66.842 GC heap before
{Heap before GC invocations=322 (full 0):
 garbage-first heap   total 376832K, used 238874K [0x0000000703e00000, 0x0000000800000000)
  region size 2048K, 110 young (225280K), 1 survivors (2048K)
 Metaspace       used 10326K, committed 10560K, reserved 1114112K
  class space    used 893K, committed 1024K, reserved 1048576K
}
Event: 66.843 GC heap after
{Heap after GC invocations=323 (full 0):
 garbage-first heap   total 376832K, used 20687K [0x0000000703e00000, 0x0000000800000000)
  region size 2048K, 2 young (4096K), 2 survivors (4096K)
 Metaspace       used 10326K, committed 10560K, reserved 1114112K
  class space    used 893K, committed 1024K, reserved 1048576K
}

