# JRE version: OpenJDK Runtime Environment (20.0.1+9) (build 20.0.1+9-29)
# Java VM: OpenJDK 64-Bit Server VM (20.0.1+9-29, mixed mode, sharing, tiered, compressed oops, compressed class ptrs, g1 gc, windows-amd64)
GC Precious Log:
 CardTable entry size: 512
 Card Set container configuration: InlinePtr #cards 4 size 8 Array Of Cards #cards 16 size 48 Howl #buckets 8 coarsen threshold 3686 Howl Bitmap #cards 512 size 80 coarsen threshold 460 Card regions per heap region 1 cards per card region 4096
 CPUs: 8 total, 8 available
 Memory: 16129M
 Large Page Support: Disabled
 NUMA Support: Disabled
 Compressed Oops: Enabled (Zero based)
 Heap Region Size: 2M
 Heap Min Capacity: 8M
 Heap Initial Capacity: 254M
 Heap Max Capacity: 4034M
 Pre-touch: Disabled
 Parallel Workers: 8
 Concurrent Workers: 2
 Concurrent Refinement Workers: 8
 Periodic GC: Disabled
Heap:
 garbage-first heap   total 313344K, used 82279K [0x0000000703e00000, 0x0000000800000000)
  region size 2048K, 31 young (63488K), 1 survivors (2048K)
 Metaspace       used 10470K, committed 10752K, reserved 1114112K
  class space    used 903K, committed 1088K, reserved 1048576K
GC Heap History (20 events):
Event: 307.983 GC heap before
{Heap before GC invocations=1540 (full 0):
 garbage-first heap   total 313344K, used 207158K [0x0000000703e00000, 0x0000000800000000)
  region size 2048K, 91 young (186368K), 1 survivors (2048K)
 Metaspace       used 10467K, committed 10752K, reserved 1114112K
  class space    used 903K, committed 1088K, reserved 1048576K
}
Event: 307.984 GC heap after
{Heap after GC invocations=1541 (full 0):
 garbage-first heap   total 313344K, used 24896K [0x0000000703e00000, 0x0000000800000000)
  region size 2048K, 1 young (2048K), 1 survivors (2048K)
 Metaspace       used 10467K, committed 10752K, reserved 1114112K
  class space    used 903K, committed 1088K, reserved 1048576K
}
Event: 308.166 GC heap before
{Heap before GC invocations=1541 (full 0):
 garbage-first heap   total 313344K, used 207168K [0x0000000703e00000, 0x0000000800000000)
  region size 2048K, 91 young (186368K), 1 survivors (2048K)
 Metaspace       used 10467K, committed 10752K, reserved 1114112K
  class space    used 903K, committed 1088K, reserved 1048576K
}
Event: 308.167 GC heap after
{Heap after GC invocations=1542 (full 0):
 garbage-first heap   total 313344K, used 24905K [0x0000000703e00000, 0x0000000800000000)
  region size 2048K, 1 young (2048K), 1 survivors (2048K)
 Metaspace       used 10467K, committed 10752K, reserved 1114112K
  class space    used 903K, committed 1088K, reserved 1048576K
}
Event: 308.354 GC heap before
{Heap before GC invocations=1542 (full 0):
 garbage-first heap   total 313344K, used 207177K [0x0000000703e00000, 0x0000000800000000)
  region size 2048K, 91 young (186368K), 1 survivors (2048K)
 Metaspace       used 10467K, committed 10752K, reserved 1114112K
  class space    used 903K, committed 1088K, reserved 1048576K
}
Event: 308.356 GC heap after
{Heap after GC invocations=1543 (full 0):
 garbage-first heap   total 313344K, used 24899K [0x0000000703e00000, 0x0000000800000000)
  region size 2048K, 1 young (2048K), 1 survivors (2048K)
 Metaspace       used 10467K, committed 10752K, reserved 1114112K
  class space    used 903K, committed 1088K, reserved 1048576K
}
Event: 308.566 GC heap before
{Heap before GC invocations=1543 (full 0):
 garbage-first heap   total 313344K, used 207171K [0x0000000703e00000, 0x0000000800000000)
  region size 2048K, 91 young (186368K), 1 survivors (2048K)
 Metaspace       used 10467K, committed 10752K, reserved 1114112K
  class space    used 903K, committed 1088K, reserved 1048576K
}
Event: 308.567 GC heap after
{Heap after GC invocations=1544 (full 0):
 garbage-first heap   total 313344K, used 24914K [0x0000000703e00000, 0x0000000800000000)
  region size 2048K, 1 young (2048K), 1 survivors (2048K)
 Metaspace       used 10467K, committed 10752K, reserved 1114112K
  class space    used 903K, committed 1088K, reserved 1048576K
}
Event: 308.770 GC heap before
{Heap before GC invocations=1544 (full 0):
 garbage-first heap   total 313344K, used 207186K [0x0000000703e00000, 0x0000000800000000)
  region size 2048K, 91 young (186368K), 1 survivors (2048K)
 Metaspace       used 10467K, committed 10752K, reserved 1114112K
  class space    used 903K, committed 1088K, reserved 1048576K
}
Event: 308.771 GC heap after
{Heap after GC invocations=1545 (full 0):
 garbage-first heap   total 313344K, used 27909K [0x0000000703e00000, 0x0000000800000000)
  region size 2048K, 2 young (4096K), 2 survivors (4096K)
 Metaspace       used 10467K, committed 10752K, reserved 1114112K
  class space    used 903K, committed 1088K, reserved 1048576K
}
Event: 308.991 GC heap before
{Heap before GC invocations=1545 (full 0):
 garbage-first heap   total 313344K, used 208133K [0x0000000703e00000, 0x0000000800000000)
  region size 2048K, 91 young (186368K), 2 survivors (4096K)
 Metaspace       used 10467K, committed 10752K, reserved 1114112K
  class space    used 903K, committed 1088K, reserved 1048576K
}
Event: 308.992 GC heap after
{Heap after GC invocations=1546 (full 0):
 garbage-first heap   total 313344K, used 27917K [0x0000000703e00000, 0x0000000800000000)
  region size 2048K, 2 young (4096K), 2 survivors (4096K)
 Metaspace       used 10467K, committed 10752K, reserved 1114112K
  class space    used 903K, committed 1088K, reserved 1048576K
}
Event: 309.182 GC heap before
{Heap before GC invocations=1546 (full 0):
 garbage-first heap   total 313344K, used 208141K [0x0000000703e00000, 0x0000000800000000)
  region size 2048K, 91 young (186368K), 2 survivors (4096K)
 Metaspace       used 10467K, committed 10752K, reserved 1114112K
  class space    used 903K, committed 1088K, reserved 1048576K
}
Event: 309.183 GC heap after
{Heap after GC invocations=1547 (full 0):
 garbage-first heap   total 313344K, used 24921K [0x0000000703e00000, 0x0000000800000000)
  region size 2048K, 1 young (2048K), 1 survivors (2048K)
 Metaspace       used 10467K, committed 10752K, reserved 1114112K
  class space    used 903K, committed 1088K, reserved 1048576K
}
Event: 309.388 GC heap before
{Heap before GC invocations=1547 (full 0):
 garbage-first heap   total 313344K, used 207193K [0x0000000703e00000, 0x0000000800000000)
  region size 2048K, 91 young (186368K), 1 survivors (2048K)
 Metaspace       used 10467K, committed 10752K, reserved 1114112K
  class space    used 903K, committed 1088K, reserved 1048576K
}
Event: 309.389 GC heap after
{Heap after GC invocations=1548 (full 0):
 garbage-first heap   total 313344K, used 27916K [0x0000000703e00000, 0x0000000800000000)
  region size 2048K, 2 young (4096K), 2 survivors (4096K)
 Metaspace       used 10467K, committed 10752K, reserved 1114112K
  class space    used 903K, committed 1088K, reserved 1048576K
}
Event: 309.599 GC heap before
{Heap before GC invocations=1548 (full 0):
 garbage-first heap   total 313344K, used 208140K [0x0000000703e00000, 0x0000000800000000)
  region size 2048K, 91 young (186368K), 2 survivors (4096K)
 Metaspace       used 10467K, committed 10752K, reserved 1114112K
  class space    used 903K, committed 1088K, reserved 1048576K
}
Event: 309.600 GC heap after
{Heap after GC invocations=1549 (full 0):
 garbage-first heap   total 313344K, used 24934K [0x0000000703e00000, 0x0000000800000000)
  region size 2048K, 1 young (2048K), 1 survivors (2048K)
 Metaspace       used 10467K, committed 10752K, reserved 1114112K
  class space    used 903K, committed 1088K, reserved 1048576K
}
Event: 309.741 GC heap before
{Heap before GC invocations=1549 (full 0):
 garbage-first heap   total 313344K, used 207206K [0x0000000703e00000, 0x0000000800000000)
  region size 2048K, 91 young (186368K), 1 survivors (2048K)
 Metaspace       used 10470K, committed 10752K, reserved 1114112K
  class space    used 903K, committed 1088K, reserved 1048576K
}
Event: 309.742 GC heap after
{Heap after GC invocations=1550 (full 0):
 garbage-first heap   total 313344K, used 24935K [0x0000000703e00000, 0x0000000800000000)
  region size 2048K, 1 young (2048K), 1 survivors (2048K)
 Metaspace       used 10470K, committed 10752K, reserved 1114112K
  class space    used 903K, committed 1088K, reserved 1048576K
}

