# JRE version: OpenJDK Runtime Environment (20.0.1+9) (build 20.0.1+9-29)
# Java VM: OpenJDK 64-Bit Server VM (20.0.1+9-29, mixed mode, sharing, tiered, compressed oops, compressed class ptrs, g1 gc, windows-amd64)
GC Precious Log:
 CardTable entry size: 512
 Card Set container configuration: InlinePtr #cards 4 size 8 Array Of Cards #cards 16 size 48 Howl #buckets 8 coarsen threshold 3686 Howl Bitmap #cards 512 size 80 coarsen threshold 460 Card regions per heap region 1 cards per card region 4096
 CPUs: 8 total, 8 available
 Memory: 16129M
 Large Page Support: Disabled
 NUMA Support: Disabled
 Compressed Oops: Enabled (Zero based)
 Heap Region Size: 2M
 Heap Min Capacity: 8M
 Heap Initial Capacity: 254M
 Heap Max Capacity: 4034M
 Pre-touch: Disabled
 Parallel Workers: 8
 Concurrent Workers: 2
 Concurrent Refinement Workers: 8
 Periodic GC: Disabled
Heap:
 garbage-first heap   total 260096K, used 95396K [0x0000000703e00000, 0x0000000800000000)
  region size 2048K, 45 young (92160K), 1 survivors (2048K)
 Metaspace       used 4226K, committed 4480K, reserved 1114112K
  class space    used 265K, committed 384K, reserved 1048576K
GC Heap History (20 events):
Event: 134.455 GC heap before
{Heap before GC invocations=34 (full 0):
 garbage-first heap   total 260096K, used 160782K [0x0000000703e00000, 0x0000000800000000)
  region size 2048K, 76 young (155648K), 1 survivors (2048K)
 Metaspace       used 4223K, committed 4480K, reserved 1114112K
  class space    used 264K, committed 384K, reserved 1048576K
}
Event: 134.456 GC heap after
{Heap after GC invocations=35 (full 0):
 garbage-first heap   total 260096K, used 7200K [0x0000000703e00000, 0x0000000800000000)
  region size 2048K, 1 young (2048K), 1 survivors (2048K)
 Metaspace       used 4223K, committed 4480K, reserved 1114112K
  class space    used 264K, committed 384K, reserved 1048576K
}
Event: 138.501 GC heap before
{Heap before GC invocations=35 (full 0):
 garbage-first heap   total 260096K, used 160800K [0x0000000703e00000, 0x0000000800000000)
  region size 2048K, 76 young (155648K), 1 survivors (2048K)
 Metaspace       used 4223K, committed 4480K, reserved 1114112K
  class space    used 264K, committed 384K, reserved 1048576K
}
Event: 138.503 GC heap after
{Heap after GC invocations=36 (full 0):
 garbage-first heap   total 260096K, used 7211K [0x0000000703e00000, 0x0000000800000000)
  region size 2048K, 1 young (2048K), 1 survivors (2048K)
 Metaspace       used 4223K, committed 4480K, reserved 1114112K
  class space    used 264K, committed 384K, reserved 1048576K
}
Event: 142.319 GC heap before
{Heap before GC invocations=36 (full 0):
 garbage-first heap   total 260096K, used 160811K [0x0000000703e00000, 0x0000000800000000)
  region size 2048K, 76 young (155648K), 1 survivors (2048K)
 Metaspace       used 4223K, committed 4480K, reserved 1114112K
  class space    used 264K, committed 384K, reserved 1048576K
}
Event: 142.321 GC heap after
{Heap after GC invocations=37 (full 0):
 garbage-first heap   total 260096K, used 7230K [0x0000000703e00000, 0x0000000800000000)
  region size 2048K, 1 young (2048K), 1 survivors (2048K)
 Metaspace       used 4223K, committed 4480K, reserved 1114112K
  class space    used 264K, committed 384K, reserved 1048576K
}
Event: 145.782 GC heap before
{Heap before GC invocations=37 (full 0):
 garbage-first heap   total 260096K, used 160830K [0x0000000703e00000, 0x0000000800000000)
  region size 2048K, 76 young (155648K), 1 survivors (2048K)
 Metaspace       used 4223K, committed 4480K, reserved 1114112K
  class space    used 264K, committed 384K, reserved 1048576K
}
Event: 145.784 GC heap after
{Heap after GC invocations=38 (full 0):
 garbage-first heap   total 260096K, used 7245K [0x0000000703e00000, 0x0000000800000000)
  region size 2048K, 1 young (2048K), 1 survivors (2048K)
 Metaspace       used 4223K, committed 4480K, reserved 1114112K
  class space    used 264K, committed 384K, reserved 1048576K
}
Event: 149.466 GC heap before
{Heap before GC invocations=38 (full 0):
 garbage-first heap   total 260096K, used 160845K [0x0000000703e00000, 0x0000000800000000)
  region size 2048K, 76 young (155648K), 1 survivors (2048K)
 Metaspace       used 4223K, committed 4480K, reserved 1114112K
  class space    used 264K, committed 384K, reserved 1048576K
}
Event: 149.468 GC heap after
{Heap after GC invocations=39 (full 0):
 garbage-first heap   total 260096K, used 7249K [0x0000000703e00000, 0x0000000800000000)
  region size 2048K, 1 young (2048K), 1 survivors (2048K)
 Metaspace       used 4223K, committed 4480K, reserved 1114112K
  class space    used 264K, committed 384K, reserved 1048576K
}
Event: 153.230 GC heap before
{Heap before GC invocations=39 (full 0):
 garbage-first heap   total 260096K, used 160849K [0x0000000703e00000, 0x0000000800000000)
  region size 2048K, 76 young (155648K), 1 survivors (2048K)
 Metaspace       used 4223K, committed 4480K, reserved 1114112K
  class space    used 264K, committed 384K, reserved 1048576K
}
Event: 153.232 GC heap after
{Heap after GC invocations=40 (full 0):
 garbage-first heap   total 260096K, used 7267K [0x0000000703e00000, 0x0000000800000000)
  region size 2048K, 1 young (2048K), 1 survivors (2048K)
 Metaspace       used 4223K, committed 4480K, reserved 1114112K
  class space    used 264K, committed 384K, reserved 1048576K
}
Event: 156.900 GC heap before
{Heap before GC invocations=40 (full 0):
 garbage-first heap   total 260096K, used 160867K [0x0000000703e00000, 0x0000000800000000)
  region size 2048K, 76 young (155648K), 1 survivors (2048K)
 Metaspace       used 4223K, committed 4480K, reserved 1114112K
  class space    used 264K, committed 384K, reserved 1048576K
}
Event: 156.902 GC heap after
{Heap after GC invocations=41 (full 0):
 garbage-first heap   total 260096K, used 7282K [0x0000000703e00000, 0x0000000800000000)
  region size 2048K, 1 young (2048K), 1 survivors (2048K)
 Metaspace       used 4223K, committed 4480K, reserved 1114112K
  class space    used 264K, committed 384K, reserved 1048576K
}
Event: 160.400 GC heap before
{Heap before GC invocations=41 (full 0):
 garbage-first heap   total 260096K, used 160882K [0x0000000703e00000, 0x0000000800000000)
  region size 2048K, 76 young (155648K), 1 survivors (2048K)
 Metaspace       used 4223K, committed 4480K, reserved 1114112K
  class space    used 264K, committed 384K, reserved 1048576K
}
Event: 160.402 GC heap after
{Heap after GC invocations=42 (full 0):
 garbage-first heap   total 260096K, used 7302K [0x0000000703e00000, 0x0000000800000000)
  region size 2048K, 1 young (2048K), 1 survivors (2048K)
 Metaspace       used 4223K, committed 4480K, reserved 1114112K
  class space    used 264K, committed 384K, reserved 1048576K
}
Event: 164.179 GC heap before
{Heap before GC invocations=42 (full 0):
 garbage-first heap   total 260096K, used 160902K [0x0000000703e00000, 0x0000000800000000)
  region size 2048K, 76 young (155648K), 1 survivors (2048K)
 Metaspace       used 4223K, committed 4480K, reserved 1114112K
  class space    used 264K, committed 384K, reserved 1048576K
}
Event: 164.180 GC heap after
{Heap after GC invocations=43 (full 0):
 garbage-first heap   total 260096K, used 7321K [0x0000000703e00000, 0x0000000800000000)
  region size 2048K, 1 young (2048K), 1 survivors (2048K)
 Metaspace       used 4223K, committed 4480K, reserved 1114112K
  class space    used 264K, committed 384K, reserved 1048576K
}
Event: 167.960 GC heap before
{Heap before GC invocations=43 (full 0):
 garbage-first heap   total 260096K, used 160921K [0x0000000703e00000, 0x0000000800000000)
  region size 2048K, 76 young (155648K), 1 survivors (2048K)
 Metaspace       used 4223K, committed 4480K, reserved 1114112K
  class space    used 264K, committed 384K, reserved 1048576K
}
Event: 167.961 GC heap after
{Heap after GC invocations=44 (full 0):
 garbage-first heap   total 260096K, used 7332K [0x0000000703e00000, 0x0000000800000000)
  region size 2048K, 1 young (2048K), 1 survivors (2048K)
 Metaspace       used 4223K, committed 4480K, reserved 1114112K
  class space    used 264K, committed 384K, reserved 1048576K
}

