# JRE version: OpenJDK Runtime Environment (20.0.1+9) (build 20.0.1+9-29)
# Java VM: OpenJDK 64-Bit Server VM (20.0.1+9-29, mixed mode, sharing, tiered, compressed oops, compressed class ptrs, g1 gc, windows-amd64)
GC Precious Log:
 CardTable entry size: 512
 Card Set container configuration: InlinePtr #cards 4 size 8 Array Of Cards #cards 16 size 48 Howl #buckets 8 coarsen threshold 3686 Howl Bitmap #cards 512 size 80 coarsen threshold 460 Card regions per heap region 1 cards per card region 4096
 CPUs: 8 total, 8 available
 Memory: 16129M
 Large Page Support: Disabled
 NUMA Support: Disabled
 Compressed Oops: Enabled (Zero based)
 Heap Region Size: 2M
 Heap Min Capacity: 8M
 Heap Initial Capacity: 254M
 Heap Max Capacity: 4034M
 Pre-touch: Disabled
 Parallel Workers: 8
 Concurrent Workers: 2
 Concurrent Refinement Workers: 8
 Periodic GC: Disabled
Heap:
 garbage-first heap   total 313344K, used 25681K [0x0000000703e00000, 0x0000000800000000)
  region size 2048K, 5 young (10240K), 1 survivors (2048K)
 Metaspace       used 10346K, committed 10624K, reserved 1114112K
  class space    used 895K, committed 1024K, reserved 1048576K
GC Heap History (20 events):
Event: 48.664 GC heap before
{Heap before GC invocations=264 (full 0):
 garbage-first heap   total 313344K, used 201670K [0x0000000703e00000, 0x0000000800000000)
  region size 2048K, 91 young (186368K), 1 survivors (2048K)
 Metaspace       used 10343K, committed 10624K, reserved 1114112K
  class space    used 894K, committed 1024K, reserved 1048576K
}
Event: 48.665 GC heap after
{Heap after GC invocations=265 (full 0):
 garbage-first heap   total 313344K, used 19415K [0x0000000703e00000, 0x0000000800000000)
  region size 2048K, 1 young (2048K), 1 survivors (2048K)
 Metaspace       used 10343K, committed 10624K, reserved 1114112K
  class space    used 894K, committed 1024K, reserved 1048576K
}
Event: 48.836 GC heap before
{Heap before GC invocations=265 (full 0):
 garbage-first heap   total 313344K, used 201687K [0x0000000703e00000, 0x0000000800000000)
  region size 2048K, 91 young (186368K), 1 survivors (2048K)
 Metaspace       used 10343K, committed 10624K, reserved 1114112K
  class space    used 894K, committed 1024K, reserved 1048576K
}
Event: 48.838 GC heap after
{Heap after GC invocations=266 (full 0):
 garbage-first heap   total 313344K, used 22357K [0x0000000703e00000, 0x0000000800000000)
  region size 2048K, 2 young (4096K), 2 survivors (4096K)
 Metaspace       used 10343K, committed 10624K, reserved 1114112K
  class space    used 894K, committed 1024K, reserved 1048576K
}
Event: 48.976 GC heap before
{Heap before GC invocations=266 (full 0):
 garbage-first heap   total 313344K, used 202581K [0x0000000703e00000, 0x0000000800000000)
  region size 2048K, 91 young (186368K), 2 survivors (4096K)
 Metaspace       used 10343K, committed 10624K, reserved 1114112K
  class space    used 894K, committed 1024K, reserved 1048576K
}
Event: 48.977 GC heap after
{Heap after GC invocations=267 (full 0):
 garbage-first heap   total 313344K, used 22376K [0x0000000703e00000, 0x0000000800000000)
  region size 2048K, 2 young (4096K), 2 survivors (4096K)
 Metaspace       used 10343K, committed 10624K, reserved 1114112K
  class space    used 894K, committed 1024K, reserved 1048576K
}
Event: 49.167 GC heap before
{Heap before GC invocations=267 (full 0):
 garbage-first heap   total 313344K, used 202600K [0x0000000703e00000, 0x0000000800000000)
  region size 2048K, 91 young (186368K), 2 survivors (4096K)
 Metaspace       used 10343K, committed 10624K, reserved 1114112K
  class space    used 894K, committed 1024K, reserved 1048576K
}
Event: 49.169 GC heap after
{Heap after GC invocations=268 (full 0):
 garbage-first heap   total 313344K, used 22385K [0x0000000703e00000, 0x0000000800000000)
  region size 2048K, 2 young (4096K), 2 survivors (4096K)
 Metaspace       used 10343K, committed 10624K, reserved 1114112K
  class space    used 894K, committed 1024K, reserved 1048576K
}
Event: 49.348 GC heap before
{Heap before GC invocations=268 (full 0):
 garbage-first heap   total 313344K, used 202609K [0x0000000703e00000, 0x0000000800000000)
  region size 2048K, 91 young (186368K), 2 survivors (4096K)
 Metaspace       used 10343K, committed 10624K, reserved 1114112K
  class space    used 894K, committed 1024K, reserved 1048576K
}
Event: 49.350 GC heap after
{Heap after GC invocations=269 (full 0):
 garbage-first heap   total 313344K, used 19467K [0x0000000703e00000, 0x0000000800000000)
  region size 2048K, 1 young (2048K), 1 survivors (2048K)
 Metaspace       used 10343K, committed 10624K, reserved 1114112K
  class space    used 894K, committed 1024K, reserved 1048576K
}
Event: 49.513 GC heap before
{Heap before GC invocations=269 (full 0):
 garbage-first heap   total 313344K, used 201739K [0x0000000703e00000, 0x0000000800000000)
  region size 2048K, 91 young (186368K), 1 survivors (2048K)
 Metaspace       used 10343K, committed 10624K, reserved 1114112K
  class space    used 894K, committed 1024K, reserved 1048576K
}
Event: 49.515 GC heap after
{Heap after GC invocations=270 (full 0):
 garbage-first heap   total 313344K, used 23392K [0x0000000703e00000, 0x0000000800000000)
  region size 2048K, 2 young (4096K), 2 survivors (4096K)
 Metaspace       used 10343K, committed 10624K, reserved 1114112K
  class space    used 894K, committed 1024K, reserved 1048576K
}
Event: 49.692 GC heap before
{Heap before GC invocations=270 (full 0):
 garbage-first heap   total 313344K, used 203616K [0x0000000703e00000, 0x0000000800000000)
  region size 2048K, 91 young (186368K), 2 survivors (4096K)
 Metaspace       used 10343K, committed 10624K, reserved 1114112K
  class space    used 894K, committed 1024K, reserved 1048576K
}
Event: 49.693 GC heap after
{Heap after GC invocations=271 (full 0):
 garbage-first heap   total 313344K, used 19489K [0x0000000703e00000, 0x0000000800000000)
  region size 2048K, 1 young (2048K), 1 survivors (2048K)
 Metaspace       used 10343K, committed 10624K, reserved 1114112K
  class space    used 894K, committed 1024K, reserved 1048576K
}
Event: 49.853 GC heap before
{Heap before GC invocations=271 (full 0):
 garbage-first heap   total 313344K, used 201761K [0x0000000703e00000, 0x0000000800000000)
  region size 2048K, 91 young (186368K), 1 survivors (2048K)
 Metaspace       used 10343K, committed 10624K, reserved 1114112K
  class space    used 894K, committed 1024K, reserved 1048576K
}
Event: 49.855 GC heap after
{Heap after GC invocations=272 (full 0):
 garbage-first heap   total 313344K, used 22429K [0x0000000703e00000, 0x0000000800000000)
  region size 2048K, 2 young (4096K), 2 survivors (4096K)
 Metaspace       used 10343K, committed 10624K, reserved 1114112K
  class space    used 894K, committed 1024K, reserved 1048576K
}
Event: 50.073 GC heap before
{Heap before GC invocations=272 (full 0):
 garbage-first heap   total 313344K, used 202653K [0x0000000703e00000, 0x0000000800000000)
  region size 2048K, 91 young (186368K), 2 survivors (4096K)
 Metaspace       used 10346K, committed 10624K, reserved 1114112K
  class space    used 895K, committed 1024K, reserved 1048576K
}
Event: 50.074 GC heap after
{Heap after GC invocations=273 (full 0):
 garbage-first heap   total 313344K, used 19512K [0x0000000703e00000, 0x0000000800000000)
  region size 2048K, 1 young (2048K), 1 survivors (2048K)
 Metaspace       used 10346K, committed 10624K, reserved 1114112K
  class space    used 895K, committed 1024K, reserved 1048576K
}
Event: 50.176 GC heap before
{Heap before GC invocations=273 (full 0):
 garbage-first heap   total 313344K, used 201784K [0x0000000703e00000, 0x0000000800000000)
  region size 2048K, 91 young (186368K), 1 survivors (2048K)
 Metaspace       used 10346K, committed 10624K, reserved 1114112K
  class space    used 895K, committed 1024K, reserved 1048576K
}
Event: 50.177 GC heap after
{Heap after GC invocations=274 (full 0):
 garbage-first heap   total 313344K, used 19537K [0x0000000703e00000, 0x0000000800000000)
  region size 2048K, 1 young (2048K), 1 survivors (2048K)
 Metaspace       used 10346K, committed 10624K, reserved 1114112K
  class space    used 895K, committed 1024K, reserved 1048576K
}

