# JRE version: OpenJDK Runtime Environment (20.0.1+9) (build 20.0.1+9-29)
# Java VM: OpenJDK 64-Bit Server VM (20.0.1+9-29, mixed mode, sharing, tiered, compressed oops, compressed class ptrs, g1 gc, windows-amd64)
GC Precious Log:
 CardTable entry size: 512
 Card Set container configuration: InlinePtr #cards 4 size 8 Array Of Cards #cards 16 size 48 Howl #buckets 8 coarsen threshold 3686 Howl Bitmap #cards 512 size 80 coarsen threshold 460 Card regions per heap region 1 cards per card region 4096
 CPUs: 8 total, 8 available
 Memory: 16129M
 Large Page Support: Disabled
 NUMA Support: Disabled
 Compressed Oops: Enabled (Zero based)
 Heap Region Size: 2M
 Heap Min Capacity: 8M
 Heap Initial Capacity: 254M
 Heap Max Capacity: 4034M
 Pre-touch: Disabled
 Parallel Workers: 8
 Concurrent Workers: 2
 Concurrent Refinement Workers: 8
 Periodic GC: Disabled
Heap:
 garbage-first heap   total 260096K, used 70066K [0x0000000703e00000, 0x0000000800000000)
  region size 2048K, 34 young (69632K), 1 survivors (2048K)
 Metaspace       used 3930K, committed 4160K, reserved 1114112K
  class space    used 236K, committed 320K, reserved 1048576K
GC Heap History (20 events):
Event: 17.155 GC heap before
{Heap before GC invocations=7 (full 0):
 garbage-first heap   total 260096K, used 158038K [0x0000000703e00000, 0x0000000800000000)
  region size 2048K, 76 young (155648K), 1 survivors (2048K)
 Metaspace       used 3914K, committed 4160K, reserved 1114112K
  class space    used 233K, committed 320K, reserved 1048576K
}
Event: 17.156 GC heap after
{Heap after GC invocations=8 (full 0):
 garbage-first heap   total 260096K, used 4440K [0x0000000703e00000, 0x0000000800000000)
  region size 2048K, 1 young (2048K), 1 survivors (2048K)
 Metaspace       used 3914K, committed 4160K, reserved 1114112K
  class space    used 233K, committed 320K, reserved 1048576K
}
Event: 19.686 GC heap before
{Heap before GC invocations=8 (full 0):
 garbage-first heap   total 260096K, used 158040K [0x0000000703e00000, 0x0000000800000000)
  region size 2048K, 76 young (155648K), 1 survivors (2048K)
 Metaspace       used 3914K, committed 4160K, reserved 1114112K
  class space    used 233K, committed 320K, reserved 1048576K
}
Event: 19.687 GC heap after
{Heap after GC invocations=9 (full 0):
 garbage-first heap   total 260096K, used 4450K [0x0000000703e00000, 0x0000000800000000)
  region size 2048K, 1 young (2048K), 1 survivors (2048K)
 Metaspace       used 3914K, committed 4160K, reserved 1114112K
  class space    used 233K, committed 320K, reserved 1048576K
}
Event: 22.191 GC heap before
{Heap before GC invocations=9 (full 0):
 garbage-first heap   total 260096K, used 158050K [0x0000000703e00000, 0x0000000800000000)
  region size 2048K, 76 young (155648K), 1 survivors (2048K)
 Metaspace       used 3914K, committed 4160K, reserved 1114112K
  class space    used 233K, committed 320K, reserved 1048576K
}
Event: 22.192 GC heap after
{Heap after GC invocations=10 (full 0):
 garbage-first heap   total 260096K, used 4458K [0x0000000703e00000, 0x0000000800000000)
  region size 2048K, 1 young (2048K), 1 survivors (2048K)
 Metaspace       used 3914K, committed 4160K, reserved 1114112K
  class space    used 233K, committed 320K, reserved 1048576K
}
Event: 24.678 GC heap before
{Heap before GC invocations=10 (full 0):
 garbage-first heap   total 260096K, used 158058K [0x0000000703e00000, 0x0000000800000000)
  region size 2048K, 76 young (155648K), 1 survivors (2048K)
 Metaspace       used 3914K, committed 4160K, reserved 1114112K
  class space    used 233K, committed 320K, reserved 1048576K
}
Event: 24.678 GC heap after
{Heap after GC invocations=11 (full 0):
 garbage-first heap   total 260096K, used 4472K [0x0000000703e00000, 0x0000000800000000)
  region size 2048K, 1 young (2048K), 1 survivors (2048K)
 Metaspace       used 3914K, committed 4160K, reserved 1114112K
  class space    used 233K, committed 320K, reserved 1048576K
}
Event: 27.135 GC heap before
{Heap before GC invocations=11 (full 0):
 garbage-first heap   total 260096K, used 158072K [0x0000000703e00000, 0x0000000800000000)
  region size 2048K, 76 young (155648K), 1 survivors (2048K)
 Metaspace       used 3915K, committed 4160K, reserved 1114112K
  class space    used 233K, committed 320K, reserved 1048576K
}
Event: 27.136 GC heap after
{Heap after GC invocations=12 (full 0):
 garbage-first heap   total 260096K, used 4472K [0x0000000703e00000, 0x0000000800000000)
  region size 2048K, 1 young (2048K), 1 survivors (2048K)
 Metaspace       used 3915K, committed 4160K, reserved 1114112K
  class space    used 233K, committed 320K, reserved 1048576K
}
Event: 29.610 GC heap before
{Heap before GC invocations=12 (full 0):
 garbage-first heap   total 260096K, used 158072K [0x0000000703e00000, 0x0000000800000000)
  region size 2048K, 76 young (155648K), 1 survivors (2048K)
 Metaspace       used 3915K, committed 4160K, reserved 1114112K
  class space    used 233K, committed 320K, reserved 1048576K
}
Event: 29.611 GC heap after
{Heap after GC invocations=13 (full 0):
 garbage-first heap   total 260096K, used 4487K [0x0000000703e00000, 0x0000000800000000)
  region size 2048K, 1 young (2048K), 1 survivors (2048K)
 Metaspace       used 3915K, committed 4160K, reserved 1114112K
  class space    used 233K, committed 320K, reserved 1048576K
}
Event: 32.115 GC heap before
{Heap before GC invocations=13 (full 0):
 garbage-first heap   total 260096K, used 158087K [0x0000000703e00000, 0x0000000800000000)
  region size 2048K, 76 young (155648K), 1 survivors (2048K)
 Metaspace       used 3915K, committed 4160K, reserved 1114112K
  class space    used 233K, committed 320K, reserved 1048576K
}
Event: 32.116 GC heap after
{Heap after GC invocations=14 (full 0):
 garbage-first heap   total 260096K, used 4491K [0x0000000703e00000, 0x0000000800000000)
  region size 2048K, 1 young (2048K), 1 survivors (2048K)
 Metaspace       used 3915K, committed 4160K, reserved 1114112K
  class space    used 233K, committed 320K, reserved 1048576K
}
Event: 34.643 GC heap before
{Heap before GC invocations=14 (full 0):
 garbage-first heap   total 260096K, used 158091K [0x0000000703e00000, 0x0000000800000000)
  region size 2048K, 76 young (155648K), 1 survivors (2048K)
 Metaspace       used 3915K, committed 4160K, reserved 1114112K
  class space    used 233K, committed 320K, reserved 1048576K
}
Event: 34.644 GC heap after
{Heap after GC invocations=15 (full 0):
 garbage-first heap   total 260096K, used 4505K [0x0000000703e00000, 0x0000000800000000)
  region size 2048K, 1 young (2048K), 1 survivors (2048K)
 Metaspace       used 3915K, committed 4160K, reserved 1114112K
  class space    used 233K, committed 320K, reserved 1048576K
}
Event: 37.121 GC heap before
{Heap before GC invocations=15 (full 0):
 garbage-first heap   total 260096K, used 158105K [0x0000000703e00000, 0x0000000800000000)
  region size 2048K, 76 young (155648K), 1 survivors (2048K)
 Metaspace       used 3915K, committed 4160K, reserved 1114112K
  class space    used 233K, committed 320K, reserved 1048576K
}
Event: 37.122 GC heap after
{Heap after GC invocations=16 (full 0):
 garbage-first heap   total 260096K, used 4510K [0x0000000703e00000, 0x0000000800000000)
  region size 2048K, 1 young (2048K), 1 survivors (2048K)
 Metaspace       used 3915K, committed 4160K, reserved 1114112K
  class space    used 233K, committed 320K, reserved 1048576K
}
Event: 39.580 GC heap before
{Heap before GC invocations=16 (full 0):
 garbage-first heap   total 260096K, used 158110K [0x0000000703e00000, 0x0000000800000000)
  region size 2048K, 76 young (155648K), 1 survivors (2048K)
 Metaspace       used 3915K, committed 4160K, reserved 1114112K
  class space    used 233K, committed 320K, reserved 1048576K
}
Event: 39.581 GC heap after
{Heap after GC invocations=17 (full 0):
 garbage-first heap   total 260096K, used 4530K [0x0000000703e00000, 0x0000000800000000)
  region size 2048K, 1 young (2048K), 1 survivors (2048K)
 Metaspace       used 3915K, committed 4160K, reserved 1114112K
  class space    used 233K, committed 320K, reserved 1048576K
}

