# JRE version: OpenJDK Runtime Environment (20.0.1+9) (build 20.0.1+9-29)
# Java VM: OpenJDK 64-Bit Server VM (20.0.1+9-29, mixed mode, sharing, tiered, compressed oops, compressed class ptrs, g1 gc, windows-amd64)
GC Precious Log:
 CardTable entry size: 512
 Card Set container configuration: InlinePtr #cards 4 size 8 Array Of Cards #cards 16 size 48 Howl #buckets 8 coarsen threshold 3686 Howl Bitmap #cards 512 size 80 coarsen threshold 460 Card regions per heap region 1 cards per card region 4096
 CPUs: 8 total, 8 available
 Memory: 16129M
 Large Page Support: Disabled
 NUMA Support: Disabled
 Compressed Oops: Enabled (Zero based)
 Heap Region Size: 2M
 Heap Min Capacity: 8M
 Heap Initial Capacity: 254M
 Heap Max Capacity: 4034M
 Pre-touch: Disabled
 Parallel Workers: 8
 Concurrent Workers: 2
 Concurrent Refinement Workers: 8
 Periodic GC: Disabled
Heap:
 garbage-first heap   total 462848K, used 201431K [0x0000000703e00000, 0x0000000800000000)
  region size 2048K, 20 young (40960K), 1 survivors (2048K)
 Metaspace       used 10498K, committed 10816K, reserved 1114112K
  class space    used 908K, committed 1088K, reserved 1048576K
GC Heap History (20 events):
Event: 41.427 GC heap before
{Heap before GC invocations=235 (full 0):
 garbage-first heap   total 462848K, used 289454K [0x0000000703e00000, 0x0000000800000000)
  region size 2048K, 43 young (88064K), 1 survivors (2048K)
 Metaspace       used 10495K, committed 10816K, reserved 1114112K
  class space    used 907K, committed 1088K, reserved 1048576K
}
Event: 41.428 GC heap after
{Heap after GC invocations=236 (full 0):
 garbage-first heap   total 462848K, used 103090K [0x0000000703e00000, 0x0000000800000000)
  region size 2048K, 1 young (2048K), 1 survivors (2048K)
 Metaspace       used 10495K, committed 10816K, reserved 1114112K
  class space    used 907K, committed 1088K, reserved 1048576K
}
Event: 41.636 GC heap before
{Heap before GC invocations=236 (full 0):
 garbage-first heap   total 462848K, used 314034K [0x0000000703e00000, 0x0000000800000000)
  region size 2048K, 55 young (112640K), 1 survivors (2048K)
 Metaspace       used 10495K, committed 10816K, reserved 1114112K
  class space    used 907K, committed 1088K, reserved 1048576K
}
Event: 41.637 GC heap after
{Heap after GC invocations=237 (full 0):
 garbage-first heap   total 462848K, used 123577K [0x0000000703e00000, 0x0000000800000000)
  region size 2048K, 1 young (2048K), 1 survivors (2048K)
 Metaspace       used 10495K, committed 10816K, reserved 1114112K
  class space    used 907K, committed 1088K, reserved 1048576K
}
Event: 41.827 GC heap before
{Heap before GC invocations=237 (full 0):
 garbage-first heap   total 462848K, used 291513K [0x0000000703e00000, 0x0000000800000000)
  region size 2048K, 44 young (90112K), 1 survivors (2048K)
 Metaspace       used 10495K, committed 10816K, reserved 1114112K
  class space    used 907K, committed 1088K, reserved 1048576K
}
Event: 41.828 GC heap after
{Heap after GC invocations=238 (full 0):
 garbage-first heap   total 462848K, used 103097K [0x0000000703e00000, 0x0000000800000000)
  region size 2048K, 1 young (2048K), 1 survivors (2048K)
 Metaspace       used 10495K, committed 10816K, reserved 1114112K
  class space    used 907K, committed 1088K, reserved 1048576K
}
Event: 42.023 GC heap before
{Heap before GC invocations=238 (full 0):
 garbage-first heap   total 462848K, used 311993K [0x0000000703e00000, 0x0000000800000000)
  region size 2048K, 54 young (110592K), 1 survivors (2048K)
 Metaspace       used 10495K, committed 10816K, reserved 1114112K
  class space    used 907K, committed 1088K, reserved 1048576K
}
Event: 42.025 GC heap after
{Heap after GC invocations=239 (full 0):
 garbage-first heap   total 462848K, used 123582K [0x0000000703e00000, 0x0000000800000000)
  region size 2048K, 1 young (2048K), 1 survivors (2048K)
 Metaspace       used 10495K, committed 10816K, reserved 1114112K
  class space    used 907K, committed 1088K, reserved 1048576K
}
Event: 42.183 GC heap before
{Heap before GC invocations=239 (full 0):
 garbage-first heap   total 462848K, used 289470K [0x0000000703e00000, 0x0000000800000000)
  region size 2048K, 43 young (88064K), 1 survivors (2048K)
 Metaspace       used 10495K, committed 10816K, reserved 1114112K
  class space    used 907K, committed 1088K, reserved 1048576K
}
Event: 42.184 GC heap after
{Heap after GC invocations=240 (full 0):
 garbage-first heap   total 462848K, used 103102K [0x0000000703e00000, 0x0000000800000000)
  region size 2048K, 1 young (2048K), 1 survivors (2048K)
 Metaspace       used 10495K, committed 10816K, reserved 1114112K
  class space    used 907K, committed 1088K, reserved 1048576K
}
Event: 42.381 GC heap before
{Heap before GC invocations=240 (full 0):
 garbage-first heap   total 462848K, used 311998K [0x0000000703e00000, 0x0000000800000000)
  region size 2048K, 54 young (110592K), 1 survivors (2048K)
 Metaspace       used 10495K, committed 10816K, reserved 1114112K
  class space    used 907K, committed 1088K, reserved 1048576K
}
Event: 42.382 GC heap after
{Heap after GC invocations=241 (full 0):
 garbage-first heap   total 462848K, used 123585K [0x0000000703e00000, 0x0000000800000000)
  region size 2048K, 1 young (2048K), 1 survivors (2048K)
 Metaspace       used 10495K, committed 10816K, reserved 1114112K
  class space    used 907K, committed 1088K, reserved 1048576K
}
Event: 42.557 GC heap before
{Heap before GC invocations=241 (full 0):
 garbage-first heap   total 462848K, used 291521K [0x0000000703e00000, 0x0000000800000000)
  region size 2048K, 44 young (90112K), 1 survivors (2048K)
 Metaspace       used 10495K, committed 10816K, reserved 1114112K
  class space    used 907K, committed 1088K, reserved 1048576K
}
Event: 42.559 GC heap after
{Heap after GC invocations=242 (full 0):
 garbage-first heap   total 462848K, used 103111K [0x0000000703e00000, 0x0000000800000000)
  region size 2048K, 1 young (2048K), 1 survivors (2048K)
 Metaspace       used 10495K, committed 10816K, reserved 1114112K
  class space    used 907K, committed 1088K, reserved 1048576K
}
Event: 42.761 GC heap before
{Heap before GC invocations=242 (full 0):
 garbage-first heap   total 462848K, used 312007K [0x0000000703e00000, 0x0000000800000000)
  region size 2048K, 54 young (110592K), 1 survivors (2048K)
 Metaspace       used 10495K, committed 10816K, reserved 1114112K
  class space    used 907K, committed 1088K, reserved 1048576K
}
Event: 42.763 GC heap after
{Heap after GC invocations=243 (full 0):
 garbage-first heap   total 462848K, used 123600K [0x0000000703e00000, 0x0000000800000000)
  region size 2048K, 1 young (2048K), 1 survivors (2048K)
 Metaspace       used 10495K, committed 10816K, reserved 1114112K
  class space    used 907K, committed 1088K, reserved 1048576K
}
Event: 42.916 GC heap before
{Heap before GC invocations=243 (full 0):
 garbage-first heap   total 462848K, used 289488K [0x0000000703e00000, 0x0000000800000000)
  region size 2048K, 43 young (88064K), 1 survivors (2048K)
 Metaspace       used 10495K, committed 10816K, reserved 1114112K
  class space    used 907K, committed 1088K, reserved 1048576K
}
Event: 42.917 GC heap after
{Heap after GC invocations=244 (full 0):
 garbage-first heap   total 462848K, used 103120K [0x0000000703e00000, 0x0000000800000000)
  region size 2048K, 1 young (2048K), 1 survivors (2048K)
 Metaspace       used 10495K, committed 10816K, reserved 1114112K
  class space    used 907K, committed 1088K, reserved 1048576K
}
Event: 43.075 GC heap before
{Heap before GC invocations=244 (full 0):
 garbage-first heap   total 462848K, used 312016K [0x0000000703e00000, 0x0000000800000000)
  region size 2048K, 54 young (110592K), 1 survivors (2048K)
 Metaspace       used 10498K, committed 10816K, reserved 1114112K
  class space    used 908K, committed 1088K, reserved 1048576K
}
Event: 43.076 GC heap after
{Heap after GC invocations=245 (full 0):
 garbage-first heap   total 462848K, used 123607K [0x0000000703e00000, 0x0000000800000000)
  region size 2048K, 1 young (2048K), 1 survivors (2048K)
 Metaspace       used 10498K, committed 10816K, reserved 1114112K
  class space    used 908K, committed 1088K, reserved 1048576K
}

