# JRE version: OpenJDK Runtime Environment (20.0.1+9) (build 20.0.1+9-29)
# Java VM: OpenJDK 64-Bit Server VM (20.0.1+9-29, mixed mode, sharing, tiered, compressed oops, compressed class ptrs, g1 gc, windows-amd64)
GC Precious Log:
 CardTable entry size: 512
 Card Set container configuration: InlinePtr #cards 4 size 8 Array Of Cards #cards 16 size 48 Howl #buckets 8 coarsen threshold 3686 Howl Bitmap #cards 512 size 80 coarsen threshold 460 Card regions per heap region 1 cards per card region 4096
 CPUs: 8 total, 8 available
 Memory: 16129M
 Large Page Support: Disabled
 NUMA Support: Disabled
 Compressed Oops: Enabled (Zero based)
 Heap Region Size: 2M
 Heap Min Capacity: 8M
 Heap Initial Capacity: 254M
 Heap Max Capacity: 4034M
 Pre-touch: Disabled
 Parallel Workers: 8
 Concurrent Workers: 2
 Concurrent Refinement Workers: 8
 Periodic GC: Disabled
Heap:
 garbage-first heap   total 260096K, used 107758K [0x0000000703e00000, 0x0000000800000000)
  region size 2048K, 51 young (104448K), 1 survivors (2048K)
 Metaspace       used 4362K, committed 4544K, reserved 1114112K
  class space    used 282K, committed 384K, reserved 1048576K
GC Heap History (20 events):
Event: 7.831 GC heap before
{Heap before GC invocations=4 (full 0):
 garbage-first heap   total 260096K, used 160585K [0x0000000703e00000, 0x0000000800000000)
  region size 2048K, 76 young (155648K), 1 survivors (2048K)
 Metaspace       used 4333K, committed 4544K, reserved 1114112K
  class space    used 278K, committed 384K, reserved 1048576K
}
Event: 7.832 GC heap after
{Heap after GC invocations=5 (full 0):
 garbage-first heap   total 260096K, used 7017K [0x0000000703e00000, 0x0000000800000000)
  region size 2048K, 1 young (2048K), 1 survivors (2048K)
 Metaspace       used 4333K, committed 4544K, reserved 1114112K
  class space    used 278K, committed 384K, reserved 1048576K
}
Event: 9.556 GC heap before
{Heap before GC invocations=5 (full 0):
 garbage-first heap   total 260096K, used 160617K [0x0000000703e00000, 0x0000000800000000)
  region size 2048K, 76 young (155648K), 1 survivors (2048K)
 Metaspace       used 4333K, committed 4544K, reserved 1114112K
  class space    used 278K, committed 384K, reserved 1048576K
}
Event: 9.557 GC heap after
{Heap after GC invocations=6 (full 0):
 garbage-first heap   total 260096K, used 7067K [0x0000000703e00000, 0x0000000800000000)
  region size 2048K, 1 young (2048K), 1 survivors (2048K)
 Metaspace       used 4333K, committed 4544K, reserved 1114112K
  class space    used 278K, committed 384K, reserved 1048576K
}
Event: 11.084 GC heap before
{Heap before GC invocations=6 (full 0):
 garbage-first heap   total 260096K, used 160667K [0x0000000703e00000, 0x0000000800000000)
  region size 2048K, 76 young (155648K), 1 survivors (2048K)
 Metaspace       used 4333K, committed 4544K, reserved 1114112K
  class space    used 278K, committed 384K, reserved 1048576K
}
Event: 11.085 GC heap after
{Heap after GC invocations=7 (full 0):
 garbage-first heap   total 260096K, used 7133K [0x0000000703e00000, 0x0000000800000000)
  region size 2048K, 1 young (2048K), 1 survivors (2048K)
 Metaspace       used 4333K, committed 4544K, reserved 1114112K
  class space    used 278K, committed 384K, reserved 1048576K
}
Event: 12.325 GC heap before
{Heap before GC invocations=7 (full 0):
 garbage-first heap   total 260096K, used 160733K [0x0000000703e00000, 0x0000000800000000)
  region size 2048K, 76 young (155648K), 1 survivors (2048K)
 Metaspace       used 4333K, committed 4544K, reserved 1114112K
  class space    used 278K, committed 384K, reserved 1048576K
}
Event: 12.326 GC heap after
{Heap after GC invocations=8 (full 0):
 garbage-first heap   total 260096K, used 7159K [0x0000000703e00000, 0x0000000800000000)
  region size 2048K, 1 young (2048K), 1 survivors (2048K)
 Metaspace       used 4333K, committed 4544K, reserved 1114112K
  class space    used 278K, committed 384K, reserved 1048576K
}
Event: 13.362 GC heap before
{Heap before GC invocations=8 (full 0):
 garbage-first heap   total 260096K, used 160759K [0x0000000703e00000, 0x0000000800000000)
  region size 2048K, 76 young (155648K), 1 survivors (2048K)
 Metaspace       used 4359K, committed 4544K, reserved 1114112K
  class space    used 281K, committed 384K, reserved 1048576K
}
Event: 13.363 GC heap after
{Heap after GC invocations=9 (full 0):
 garbage-first heap   total 260096K, used 7262K [0x0000000703e00000, 0x0000000800000000)
  region size 2048K, 1 young (2048K), 1 survivors (2048K)
 Metaspace       used 4359K, committed 4544K, reserved 1114112K
  class space    used 281K, committed 384K, reserved 1048576K
}
Event: 14.581 GC heap before
{Heap before GC invocations=9 (full 0):
 garbage-first heap   total 260096K, used 160862K [0x0000000703e00000, 0x0000000800000000)
  region size 2048K, 76 young (155648K), 1 survivors (2048K)
 Metaspace       used 4359K, committed 4544K, reserved 1114112K
  class space    used 281K, committed 384K, reserved 1048576K
}
Event: 14.582 GC heap after
{Heap after GC invocations=10 (full 0):
 garbage-first heap   total 260096K, used 7302K [0x0000000703e00000, 0x0000000800000000)
  region size 2048K, 1 young (2048K), 1 survivors (2048K)
 Metaspace       used 4359K, committed 4544K, reserved 1114112K
  class space    used 281K, committed 384K, reserved 1048576K
}
Event: 15.486 GC heap before
{Heap before GC invocations=10 (full 0):
 garbage-first heap   total 260096K, used 160902K [0x0000000703e00000, 0x0000000800000000)
  region size 2048K, 76 young (155648K), 1 survivors (2048K)
 Metaspace       used 4359K, committed 4544K, reserved 1114112K
  class space    used 281K, committed 384K, reserved 1048576K
}
Event: 15.487 GC heap after
{Heap after GC invocations=11 (full 0):
 garbage-first heap   total 260096K, used 7370K [0x0000000703e00000, 0x0000000800000000)
  region size 2048K, 1 young (2048K), 1 survivors (2048K)
 Metaspace       used 4359K, committed 4544K, reserved 1114112K
  class space    used 281K, committed 384K, reserved 1048576K
}
Event: 16.357 GC heap before
{Heap before GC invocations=11 (full 0):
 garbage-first heap   total 260096K, used 160970K [0x0000000703e00000, 0x0000000800000000)
  region size 2048K, 76 young (155648K), 1 survivors (2048K)
 Metaspace       used 4359K, committed 4544K, reserved 1114112K
  class space    used 281K, committed 384K, reserved 1048576K
}
Event: 16.359 GC heap after
{Heap after GC invocations=12 (full 0):
 garbage-first heap   total 260096K, used 7370K [0x0000000703e00000, 0x0000000800000000)
  region size 2048K, 1 young (2048K), 1 survivors (2048K)
 Metaspace       used 4359K, committed 4544K, reserved 1114112K
  class space    used 281K, committed 384K, reserved 1048576K
}
Event: 17.159 GC heap before
{Heap before GC invocations=12 (full 0):
 garbage-first heap   total 260096K, used 160970K [0x0000000703e00000, 0x0000000800000000)
  region size 2048K, 76 young (155648K), 1 survivors (2048K)
 Metaspace       used 4359K, committed 4544K, reserved 1114112K
  class space    used 281K, committed 384K, reserved 1048576K
}
Event: 17.161 GC heap after
{Heap after GC invocations=13 (full 0):
 garbage-first heap   total 260096K, used 7404K [0x0000000703e00000, 0x0000000800000000)
  region size 2048K, 1 young (2048K), 1 survivors (2048K)
 Metaspace       used 4359K, committed 4544K, reserved 1114112K
  class space    used 281K, committed 384K, reserved 1048576K
}
Event: 17.956 GC heap before
{Heap before GC invocations=13 (full 0):
 garbage-first heap   total 260096K, used 161004K [0x0000000703e00000, 0x0000000800000000)
  region size 2048K, 76 young (155648K), 1 survivors (2048K)
 Metaspace       used 4359K, committed 4544K, reserved 1114112K
  class space    used 281K, committed 384K, reserved 1048576K
}
Event: 17.957 GC heap after
{Heap after GC invocations=14 (full 0):
 garbage-first heap   total 260096K, used 7406K [0x0000000703e00000, 0x0000000800000000)
  region size 2048K, 1 young (2048K), 1 survivors (2048K)
 Metaspace       used 4359K, committed 4544K, reserved 1114112K
  class space    used 281K, committed 384K, reserved 1048576K
}

