# JRE version: OpenJDK Runtime Environment (20.0.1+9) (build 20.0.1+9-29)
# Java VM: OpenJDK 64-Bit Server VM (20.0.1+9-29, mixed mode, sharing, tiered, compressed oops, compressed class ptrs, g1 gc, windows-amd64)
GC Precious Log:
 CardTable entry size: 512
 Card Set container configuration: InlinePtr #cards 4 size 8 Array Of Cards #cards 16 size 48 Howl #buckets 8 coarsen threshold 3686 Howl Bitmap #cards 512 size 80 coarsen threshold 460 Card regions per heap region 1 cards per card region 4096
 CPUs: 8 total, 8 available
 Memory: 16129M
 Large Page Support: Disabled
 NUMA Support: Disabled
 Compressed Oops: Enabled (Zero based)
 Heap Region Size: 2M
 Heap Min Capacity: 8M
 Heap Initial Capacity: 254M
 Heap Max Capacity: 4034M
 Pre-touch: Disabled
 Parallel Workers: 8
 Concurrent Workers: 2
 Concurrent Refinement Workers: 8
 Periodic GC: Disabled
Heap:
 garbage-first heap   total 260096K, used 8826K [0x0000000703e00000, 0x0000000800000000)
  region size 2048K, 4 young (8192K), 1 survivors (2048K)
 Metaspace       used 4171K, committed 4416K, reserved 1114112K
  class space    used 262K, committed 384K, reserved 1048576K
GC Heap History (20 events):
Event: 58.845 GC heap before
{Heap before GC invocations=24 (full 0):
 garbage-first heap   total 260096K, used 158326K [0x0000000703e00000, 0x0000000800000000)
  region size 2048K, 76 young (155648K), 1 survivors (2048K)
 Metaspace       used 4162K, committed 4352K, reserved 1114112K
  class space    used 261K, committed 384K, reserved 1048576K
}
Event: 58.846 GC heap after
{Heap after GC invocations=25 (full 0):
 garbage-first heap   total 260096K, used 4726K [0x0000000703e00000, 0x0000000800000000)
  region size 2048K, 1 young (2048K), 1 survivors (2048K)
 Metaspace       used 4162K, committed 4352K, reserved 1114112K
  class space    used 261K, committed 384K, reserved 1048576K
}
Event: 61.226 GC heap before
{Heap before GC invocations=25 (full 0):
 garbage-first heap   total 260096K, used 158326K [0x0000000703e00000, 0x0000000800000000)
  region size 2048K, 76 young (155648K), 1 survivors (2048K)
 Metaspace       used 4168K, committed 4416K, reserved 1114112K
  class space    used 261K, committed 384K, reserved 1048576K
}
Event: 61.226 GC heap after
{Heap after GC invocations=26 (full 0):
 garbage-first heap   total 260096K, used 4726K [0x0000000703e00000, 0x0000000800000000)
  region size 2048K, 1 young (2048K), 1 survivors (2048K)
 Metaspace       used 4168K, committed 4416K, reserved 1114112K
  class space    used 261K, committed 384K, reserved 1048576K
}
Event: 63.761 GC heap before
{Heap before GC invocations=26 (full 0):
 garbage-first heap   total 260096K, used 158326K [0x0000000703e00000, 0x0000000800000000)
  region size 2048K, 76 young (155648K), 1 survivors (2048K)
 Metaspace       used 4168K, committed 4416K, reserved 1114112K
  class space    used 261K, committed 384K, reserved 1048576K
}
Event: 63.762 GC heap after
{Heap after GC invocations=27 (full 0):
 garbage-first heap   total 260096K, used 4726K [0x0000000703e00000, 0x0000000800000000)
  region size 2048K, 1 young (2048K), 1 survivors (2048K)
 Metaspace       used 4168K, committed 4416K, reserved 1114112K
  class space    used 261K, committed 384K, reserved 1048576K
}
Event: 66.189 GC heap before
{Heap before GC invocations=27 (full 0):
 garbage-first heap   total 260096K, used 158326K [0x0000000703e00000, 0x0000000800000000)
  region size 2048K, 76 young (155648K), 1 survivors (2048K)
 Metaspace       used 4168K, committed 4416K, reserved 1114112K
  class space    used 261K, committed 384K, reserved 1048576K
}
Event: 66.189 GC heap after
{Heap after GC invocations=28 (full 0):
 garbage-first heap   total 260096K, used 4728K [0x0000000703e00000, 0x0000000800000000)
  region size 2048K, 1 young (2048K), 1 survivors (2048K)
 Metaspace       used 4168K, committed 4416K, reserved 1114112K
  class space    used 261K, committed 384K, reserved 1048576K
}
Event: 68.690 GC heap before
{Heap before GC invocations=28 (full 0):
 garbage-first heap   total 260096K, used 158328K [0x0000000703e00000, 0x0000000800000000)
  region size 2048K, 76 young (155648K), 1 survivors (2048K)
 Metaspace       used 4168K, committed 4416K, reserved 1114112K
  class space    used 261K, committed 384K, reserved 1048576K
}
Event: 68.691 GC heap after
{Heap after GC invocations=29 (full 0):
 garbage-first heap   total 260096K, used 4726K [0x0000000703e00000, 0x0000000800000000)
  region size 2048K, 1 young (2048K), 1 survivors (2048K)
 Metaspace       used 4168K, committed 4416K, reserved 1114112K
  class space    used 261K, committed 384K, reserved 1048576K
}
Event: 71.276 GC heap before
{Heap before GC invocations=29 (full 0):
 garbage-first heap   total 260096K, used 158326K [0x0000000703e00000, 0x0000000800000000)
  region size 2048K, 76 young (155648K), 1 survivors (2048K)
 Metaspace       used 4168K, committed 4416K, reserved 1114112K
  class space    used 261K, committed 384K, reserved 1048576K
}
Event: 71.277 GC heap after
{Heap after GC invocations=30 (full 0):
 garbage-first heap   total 260096K, used 4732K [0x0000000703e00000, 0x0000000800000000)
  region size 2048K, 1 young (2048K), 1 survivors (2048K)
 Metaspace       used 4168K, committed 4416K, reserved 1114112K
  class space    used 261K, committed 384K, reserved 1048576K
}
Event: 73.694 GC heap before
{Heap before GC invocations=30 (full 0):
 garbage-first heap   total 260096K, used 158332K [0x0000000703e00000, 0x0000000800000000)
  region size 2048K, 76 young (155648K), 1 survivors (2048K)
 Metaspace       used 4168K, committed 4416K, reserved 1114112K
  class space    used 261K, committed 384K, reserved 1048576K
}
Event: 73.695 GC heap after
{Heap after GC invocations=31 (full 0):
 garbage-first heap   total 260096K, used 4728K [0x0000000703e00000, 0x0000000800000000)
  region size 2048K, 1 young (2048K), 1 survivors (2048K)
 Metaspace       used 4168K, committed 4416K, reserved 1114112K
  class space    used 261K, committed 384K, reserved 1048576K
}
Event: 76.385 GC heap before
{Heap before GC invocations=31 (full 0):
 garbage-first heap   total 260096K, used 158328K [0x0000000703e00000, 0x0000000800000000)
  region size 2048K, 76 young (155648K), 1 survivors (2048K)
 Metaspace       used 4168K, committed 4416K, reserved 1114112K
  class space    used 261K, committed 384K, reserved 1048576K
}
Event: 76.386 GC heap after
{Heap after GC invocations=32 (full 0):
 garbage-first heap   total 260096K, used 4728K [0x0000000703e00000, 0x0000000800000000)
  region size 2048K, 1 young (2048K), 1 survivors (2048K)
 Metaspace       used 4168K, committed 4416K, reserved 1114112K
  class space    used 261K, committed 384K, reserved 1048576K
}
Event: 78.978 GC heap before
{Heap before GC invocations=32 (full 0):
 garbage-first heap   total 260096K, used 158328K [0x0000000703e00000, 0x0000000800000000)
  region size 2048K, 76 young (155648K), 1 survivors (2048K)
 Metaspace       used 4168K, committed 4416K, reserved 1114112K
  class space    used 261K, committed 384K, reserved 1048576K
}
Event: 78.979 GC heap after
{Heap after GC invocations=33 (full 0):
 garbage-first heap   total 260096K, used 4730K [0x0000000703e00000, 0x0000000800000000)
  region size 2048K, 1 young (2048K), 1 survivors (2048K)
 Metaspace       used 4168K, committed 4416K, reserved 1114112K
  class space    used 261K, committed 384K, reserved 1048576K
}
Event: 81.506 GC heap before
{Heap before GC invocations=33 (full 0):
 garbage-first heap   total 260096K, used 158330K [0x0000000703e00000, 0x0000000800000000)
  region size 2048K, 76 young (155648K), 1 survivors (2048K)
 Metaspace       used 4168K, committed 4416K, reserved 1114112K
  class space    used 261K, committed 384K, reserved 1048576K
}
Event: 81.507 GC heap after
{Heap after GC invocations=34 (full 0):
 garbage-first heap   total 260096K, used 4730K [0x0000000703e00000, 0x0000000800000000)
  region size 2048K, 1 young (2048K), 1 survivors (2048K)
 Metaspace       used 4168K, committed 4416K, reserved 1114112K
  class space    used 261K, committed 384K, reserved 1048576K
}

