# JRE version: OpenJDK Runtime Environment (20.0.1+9) (build 20.0.1+9-29)
# Java VM: OpenJDK 64-Bit Server VM (20.0.1+9-29, mixed mode, sharing, tiered, compressed oops, compressed class ptrs, g1 gc, windows-amd64)
GC Precious Log:
 CardTable entry size: 512
 Card Set container configuration: InlinePtr #cards 4 size 8 Array Of Cards #cards 16 size 48 Howl #buckets 8 coarsen threshold 3686 Howl Bitmap #cards 512 size 80 coarsen threshold 460 Card regions per heap region 1 cards per card region 4096
 CPUs: 8 total, 8 available
 Memory: 16129M
 Large Page Support: Disabled
 NUMA Support: Disabled
 Compressed Oops: Enabled (Zero based)
 Heap Region Size: 2M
 Heap Min Capacity: 8M
 Heap Initial Capacity: 254M
 Heap Max Capacity: 4034M
 Pre-touch: Disabled
 Parallel Workers: 8
 Concurrent Workers: 2
 Concurrent Refinement Workers: 8
 Periodic GC: Disabled
Heap:
 garbage-first heap   total 260096K, used 90974K [0x00000004d7e00000, 0x00000005d4000000)
  region size 2048K, 43 young (88064K), 1 survivors (2048K)
 Metaspace       used 4184K, committed 4352K, reserved 1114112K
  class space    used 263K, committed 384K, reserved 1048576K
GC Heap History (6 events):
Event: 0.711 GC heap before
{Heap before GC invocations=0 (full 0):
 garbage-first heap   total 260096K, used 20480K [0x00000004d7e00000, 0x00000005d4000000)
  region size 2048K, 11 young (22528K), 0 survivors (0K)
 Metaspace       used 3967K, committed 4224K, reserved 1114112K
  class space    used 249K, committed 384K, reserved 1048576K
}
Event: 0.714 GC heap after
{Heap after GC invocations=1 (full 0):
 garbage-first heap   total 260096K, used 6389K [0x00000004d7e00000, 0x00000005d4000000)
  region size 2048K, 2 young (4096K), 2 survivors (4096K)
 Metaspace       used 3967K, committed 4224K, reserved 1114112K
  class space    used 249K, committed 384K, reserved 1048576K
}
Event: 1.379 GC heap before
{Heap before GC invocations=1 (full 0):
 garbage-first heap   total 260096K, used 33013K [0x00000004d7e00000, 0x00000005d4000000)
  region size 2048K, 15 young (30720K), 2 survivors (4096K)
 Metaspace       used 4172K, committed 4352K, reserved 1114112K
  class space    used 262K, committed 384K, reserved 1048576K
}
Event: 1.382 GC heap after
{Heap after GC invocations=2 (full 0):
 garbage-first heap   total 260096K, used 7044K [0x00000004d7e00000, 0x00000005d4000000)
  region size 2048K, 1 young (2048K), 1 survivors (2048K)
 Metaspace       used 4172K, committed 4352K, reserved 1114112K
  class space    used 262K, committed 384K, reserved 1048576K
}
Event: 5.245 GC heap before
{Heap before GC invocations=2 (full 0):
 garbage-first heap   total 260096K, used 160644K [0x00000004d7e00000, 0x00000005d4000000)
  region size 2048K, 76 young (155648K), 1 survivors (2048K)
 Metaspace       used 4175K, committed 4352K, reserved 1114112K
  class space    used 262K, committed 384K, reserved 1048576K
}
Event: 5.247 GC heap after
{Heap after GC invocations=3 (full 0):
 garbage-first heap   total 260096K, used 7006K [0x00000004d7e00000, 0x00000005d4000000)
  region size 2048K, 1 young (2048K), 1 survivors (2048K)
 Metaspace       used 4175K, committed 4352K, reserved 1114112K
  class space    used 262K, committed 384K, reserved 1048576K
}

