# JRE version: OpenJDK Runtime Environment (20.0.1+9) (build 20.0.1+9-29)
# Java VM: OpenJDK 64-Bit Server VM (20.0.1+9-29, mixed mode, sharing, tiered, compressed oops, compressed class ptrs, g1 gc, windows-amd64)
GC Precious Log:
 CardTable entry size: 512
 Card Set container configuration: InlinePtr #cards 4 size 8 Array Of Cards #cards 16 size 48 Howl #buckets 8 coarsen threshold 3686 Howl Bitmap #cards 512 size 80 coarsen threshold 460 Card regions per heap region 1 cards per card region 4096
 CPUs: 8 total, 8 available
 Memory: 16129M
 Large Page Support: Disabled
 NUMA Support: Disabled
 Compressed Oops: Enabled (Zero based)
 Heap Region Size: 2M
 Heap Min Capacity: 8M
 Heap Initial Capacity: 254M
 Heap Max Capacity: 4034M
 Pre-touch: Disabled
 Parallel Workers: 8
 Concurrent Workers: 2
 Concurrent Refinement Workers: 8
 Periodic GC: Disabled
Heap:
 garbage-first heap   total 260096K, used 48237K [0x0000000703e00000, 0x0000000800000000)
  region size 2048K, 19 young (38912K), 1 survivors (2048K)
 Metaspace       used 9840K, committed 10112K, reserved 1114112K
  class space    used 872K, committed 1024K, reserved 1048576K
GC Heap History (6 events):
Event: 0.673 GC heap before
{Heap before GC invocations=0 (full 0):
 garbage-first heap   total 260096K, used 20480K [0x0000000703e00000, 0x0000000800000000)
  region size 2048K, 11 young (22528K), 0 survivors (0K)
 Metaspace       used 6558K, committed 6848K, reserved 1114112K
  class space    used 496K, committed 640K, reserved 1048576K
}
Event: 0.677 GC heap after
{Heap after GC invocations=1 (full 0):
 garbage-first heap   total 260096K, used 6595K [0x0000000703e00000, 0x0000000800000000)
  region size 2048K, 2 young (4096K), 2 survivors (4096K)
 Metaspace       used 6558K, committed 6848K, reserved 1114112K
  class space    used 496K, committed 640K, reserved 1048576K
}
Event: 105.316 GC heap before
{Heap before GC invocations=1 (full 0):
 garbage-first heap   total 260096K, used 41411K [0x0000000703e00000, 0x0000000800000000)
  region size 2048K, 16 young (32768K), 2 survivors (4096K)
 Metaspace       used 9649K, committed 9920K, reserved 1114112K
  class space    used 854K, committed 960K, reserved 1048576K
}
Event: 105.319 GC heap after
{Heap after GC invocations=2 (full 0):
 garbage-first heap   total 260096K, used 16118K [0x0000000703e00000, 0x0000000800000000)
  region size 2048K, 1 young (2048K), 1 survivors (2048K)
 Metaspace       used 9649K, committed 9920K, reserved 1114112K
  class space    used 854K, committed 960K, reserved 1048576K
}
Event: 105.448 GC heap before
{Heap before GC invocations=2 (full 0):
 garbage-first heap   total 260096K, used 108278K [0x0000000703e00000, 0x0000000800000000)
  region size 2048K, 47 young (96256K), 1 survivors (2048K)
 Metaspace       used 9829K, committed 10112K, reserved 1114112K
  class space    used 872K, committed 1024K, reserved 1048576K
}
Event: 105.449 GC heap after
{Heap after GC invocations=3 (full 0):
 garbage-first heap   total 260096K, used 15469K [0x0000000703e00000, 0x0000000800000000)
  region size 2048K, 1 young (2048K), 1 survivors (2048K)
 Metaspace       used 9829K, committed 10112K, reserved 1114112K
  class space    used 872K, committed 1024K, reserved 1048576K
}

