# JRE version: OpenJDK Runtime Environment (20.0.1+9) (build 20.0.1+9-29)
# Java VM: OpenJDK 64-Bit Server VM (20.0.1+9-29, mixed mode, sharing, tiered, compressed oops, compressed class ptrs, g1 gc, windows-amd64)
GC Precious Log:
 CardTable entry size: 512
 Card Set container configuration: InlinePtr #cards 4 size 8 Array Of Cards #cards 16 size 48 Howl #buckets 8 coarsen threshold 3686 Howl Bitmap #cards 512 size 80 coarsen threshold 460 Card regions per heap region 1 cards per card region 4096
 CPUs: 8 total, 8 available
 Memory: 16129M
 Large Page Support: Disabled
 NUMA Support: Disabled
 Compressed Oops: Enabled (Zero based)
 Heap Region Size: 2M
 Heap Min Capacity: 8M
 Heap Initial Capacity: 254M
 Heap Max Capacity: 4034M
 Pre-touch: Disabled
 Parallel Workers: 8
 Concurrent Workers: 2
 Concurrent Refinement Workers: 8
 Periodic GC: Disabled
Heap:
 garbage-first heap   total 260096K, used 66280K [0x0000000703e00000, 0x0000000800000000)
  region size 2048K, 32 young (65536K), 1 survivors (2048K)
 Metaspace       used 3909K, committed 4160K, reserved 1114112K
  class space    used 235K, committed 320K, reserved 1048576K
GC Heap History (20 events):
Event: 20.764 GC heap before
{Heap before GC invocations=7 (full 0):
 garbage-first heap   total 260096K, used 158344K [0x0000000703e00000, 0x0000000800000000)
  region size 2048K, 76 young (155648K), 1 survivors (2048K)
 Metaspace       used 3903K, committed 4160K, reserved 1114112K
  class space    used 233K, committed 320K, reserved 1048576K
}
Event: 20.766 GC heap after
{Heap after GC invocations=8 (full 0):
 garbage-first heap   total 260096K, used 4752K [0x0000000703e00000, 0x0000000800000000)
  region size 2048K, 1 young (2048K), 1 survivors (2048K)
 Metaspace       used 3903K, committed 4160K, reserved 1114112K
  class space    used 233K, committed 320K, reserved 1048576K
}
Event: 23.821 GC heap before
{Heap before GC invocations=8 (full 0):
 garbage-first heap   total 260096K, used 158352K [0x0000000703e00000, 0x0000000800000000)
  region size 2048K, 76 young (155648K), 1 survivors (2048K)
 Metaspace       used 3903K, committed 4160K, reserved 1114112K
  class space    used 233K, committed 320K, reserved 1048576K
}
Event: 23.823 GC heap after
{Heap after GC invocations=9 (full 0):
 garbage-first heap   total 260096K, used 4762K [0x0000000703e00000, 0x0000000800000000)
  region size 2048K, 1 young (2048K), 1 survivors (2048K)
 Metaspace       used 3903K, committed 4160K, reserved 1114112K
  class space    used 233K, committed 320K, reserved 1048576K
}
Event: 26.810 GC heap before
{Heap before GC invocations=9 (full 0):
 garbage-first heap   total 260096K, used 158362K [0x0000000703e00000, 0x0000000800000000)
  region size 2048K, 76 young (155648K), 1 survivors (2048K)
 Metaspace       used 3903K, committed 4160K, reserved 1114112K
  class space    used 233K, committed 320K, reserved 1048576K
}
Event: 26.812 GC heap after
{Heap after GC invocations=10 (full 0):
 garbage-first heap   total 260096K, used 4775K [0x0000000703e00000, 0x0000000800000000)
  region size 2048K, 1 young (2048K), 1 survivors (2048K)
 Metaspace       used 3903K, committed 4160K, reserved 1114112K
  class space    used 233K, committed 320K, reserved 1048576K
}
Event: 29.744 GC heap before
{Heap before GC invocations=10 (full 0):
 garbage-first heap   total 260096K, used 158375K [0x0000000703e00000, 0x0000000800000000)
  region size 2048K, 76 young (155648K), 1 survivors (2048K)
 Metaspace       used 3903K, committed 4160K, reserved 1114112K
  class space    used 233K, committed 320K, reserved 1048576K
}
Event: 29.746 GC heap after
{Heap after GC invocations=11 (full 0):
 garbage-first heap   total 260096K, used 4783K [0x0000000703e00000, 0x0000000800000000)
  region size 2048K, 1 young (2048K), 1 survivors (2048K)
 Metaspace       used 3903K, committed 4160K, reserved 1114112K
  class space    used 233K, committed 320K, reserved 1048576K
}
Event: 32.774 GC heap before
{Heap before GC invocations=11 (full 0):
 garbage-first heap   total 260096K, used 158383K [0x0000000703e00000, 0x0000000800000000)
  region size 2048K, 76 young (155648K), 1 survivors (2048K)
 Metaspace       used 3903K, committed 4160K, reserved 1114112K
  class space    used 233K, committed 320K, reserved 1048576K
}
Event: 32.776 GC heap after
{Heap after GC invocations=12 (full 0):
 garbage-first heap   total 260096K, used 4783K [0x0000000703e00000, 0x0000000800000000)
  region size 2048K, 1 young (2048K), 1 survivors (2048K)
 Metaspace       used 3903K, committed 4160K, reserved 1114112K
  class space    used 233K, committed 320K, reserved 1048576K
}
Event: 35.698 GC heap before
{Heap before GC invocations=12 (full 0):
 garbage-first heap   total 260096K, used 158383K [0x0000000703e00000, 0x0000000800000000)
  region size 2048K, 76 young (155648K), 1 survivors (2048K)
 Metaspace       used 3903K, committed 4160K, reserved 1114112K
  class space    used 233K, committed 320K, reserved 1048576K
}
Event: 35.700 GC heap after
{Heap after GC invocations=13 (full 0):
 garbage-first heap   total 260096K, used 4798K [0x0000000703e00000, 0x0000000800000000)
  region size 2048K, 1 young (2048K), 1 survivors (2048K)
 Metaspace       used 3903K, committed 4160K, reserved 1114112K
  class space    used 233K, committed 320K, reserved 1048576K
}
Event: 38.574 GC heap before
{Heap before GC invocations=13 (full 0):
 garbage-first heap   total 260096K, used 158398K [0x0000000703e00000, 0x0000000800000000)
  region size 2048K, 76 young (155648K), 1 survivors (2048K)
 Metaspace       used 3903K, committed 4160K, reserved 1114112K
  class space    used 233K, committed 320K, reserved 1048576K
}
Event: 38.576 GC heap after
{Heap after GC invocations=14 (full 0):
 garbage-first heap   total 260096K, used 4802K [0x0000000703e00000, 0x0000000800000000)
  region size 2048K, 1 young (2048K), 1 survivors (2048K)
 Metaspace       used 3903K, committed 4160K, reserved 1114112K
  class space    used 233K, committed 320K, reserved 1048576K
}
Event: 41.486 GC heap before
{Heap before GC invocations=14 (full 0):
 garbage-first heap   total 260096K, used 158402K [0x0000000703e00000, 0x0000000800000000)
  region size 2048K, 76 young (155648K), 1 survivors (2048K)
 Metaspace       used 3903K, committed 4160K, reserved 1114112K
  class space    used 233K, committed 320K, reserved 1048576K
}
Event: 41.488 GC heap after
{Heap after GC invocations=15 (full 0):
 garbage-first heap   total 260096K, used 4807K [0x0000000703e00000, 0x0000000800000000)
  region size 2048K, 1 young (2048K), 1 survivors (2048K)
 Metaspace       used 3903K, committed 4160K, reserved 1114112K
  class space    used 233K, committed 320K, reserved 1048576K
}
Event: 44.363 GC heap before
{Heap before GC invocations=15 (full 0):
 garbage-first heap   total 260096K, used 158407K [0x0000000703e00000, 0x0000000800000000)
  region size 2048K, 76 young (155648K), 1 survivors (2048K)
 Metaspace       used 3903K, committed 4160K, reserved 1114112K
  class space    used 233K, committed 320K, reserved 1048576K
}
Event: 44.365 GC heap after
{Heap after GC invocations=16 (full 0):
 garbage-first heap   total 260096K, used 4825K [0x0000000703e00000, 0x0000000800000000)
  region size 2048K, 1 young (2048K), 1 survivors (2048K)
 Metaspace       used 3903K, committed 4160K, reserved 1114112K
  class space    used 233K, committed 320K, reserved 1048576K
}
Event: 47.156 GC heap before
{Heap before GC invocations=16 (full 0):
 garbage-first heap   total 260096K, used 158425K [0x0000000703e00000, 0x0000000800000000)
  region size 2048K, 76 young (155648K), 1 survivors (2048K)
 Metaspace       used 3903K, committed 4160K, reserved 1114112K
  class space    used 233K, committed 320K, reserved 1048576K
}
Event: 47.157 GC heap after
{Heap after GC invocations=17 (full 0):
 garbage-first heap   total 260096K, used 4840K [0x0000000703e00000, 0x0000000800000000)
  region size 2048K, 1 young (2048K), 1 survivors (2048K)
 Metaspace       used 3903K, committed 4160K, reserved 1114112K
  class space    used 233K, committed 320K, reserved 1048576K
}

