# JRE version: OpenJDK Runtime Environment (20.0.1+9) (build 20.0.1+9-29)
# Java VM: OpenJDK 64-Bit Server VM (20.0.1+9-29, mixed mode, sharing, tiered, compressed oops, compressed class ptrs, g1 gc, windows-amd64)
GC Precious Log:
 CardTable entry size: 512
 Card Set container configuration: InlinePtr #cards 4 size 8 Array Of Cards #cards 16 size 48 Howl #buckets 8 coarsen threshold 3686 Howl Bitmap #cards 512 size 80 coarsen threshold 460 Card regions per heap region 1 cards per card region 4096
 CPUs: 8 total, 8 available
 Memory: 16129M
 Large Page Support: Disabled
 NUMA Support: Disabled
 Compressed Oops: Enabled (Zero based)
 Heap Region Size: 2M
 Heap Min Capacity: 8M
 Heap Initial Capacity: 254M
 Heap Max Capacity: 4034M
 Pre-touch: Disabled
 Parallel Workers: 8
 Concurrent Workers: 2
 Concurrent Refinement Workers: 8
 Periodic GC: Disabled
Heap:
 garbage-first heap   total 376832K, used 33561K [0x0000000703e00000, 0x0000000800000000)
  region size 2048K, 10 young (20480K), 2 survivors (4096K)
 Metaspace       used 10347K, committed 10624K, reserved 1114112K
  class space    used 897K, committed 1024K, reserved 1048576K
GC Heap History (20 events):
Event: 17.188 GC heap before
{Heap before GC invocations=84 (full 0):
 garbage-first heap   total 376832K, used 238410K [0x0000000703e00000, 0x0000000800000000)
  region size 2048K, 110 young (225280K), 1 survivors (2048K)
 Metaspace       used 10344K, committed 10624K, reserved 1114112K
  class space    used 896K, committed 1024K, reserved 1048576K
}
Event: 17.189 GC heap after
{Heap after GC invocations=85 (full 0):
 garbage-first heap   total 376832K, used 21149K [0x0000000703e00000, 0x0000000800000000)
  region size 2048K, 2 young (4096K), 2 survivors (4096K)
 Metaspace       used 10344K, committed 10624K, reserved 1114112K
  class space    used 896K, committed 1024K, reserved 1048576K
}
Event: 17.389 GC heap before
{Heap before GC invocations=85 (full 0):
 garbage-first heap   total 376832K, used 240285K [0x0000000703e00000, 0x0000000800000000)
  region size 2048K, 110 young (225280K), 2 survivors (4096K)
 Metaspace       used 10344K, committed 10624K, reserved 1114112K
  class space    used 896K, committed 1024K, reserved 1048576K
}
Event: 17.390 GC heap after
{Heap after GC invocations=86 (full 0):
 garbage-first heap   total 376832K, used 17266K [0x0000000703e00000, 0x0000000800000000)
  region size 2048K, 1 young (2048K), 1 survivors (2048K)
 Metaspace       used 10344K, committed 10624K, reserved 1114112K
  class space    used 896K, committed 1024K, reserved 1048576K
}
Event: 17.565 GC heap before
{Heap before GC invocations=86 (full 0):
 garbage-first heap   total 376832K, used 238450K [0x0000000703e00000, 0x0000000800000000)
  region size 2048K, 110 young (225280K), 1 survivors (2048K)
 Metaspace       used 10344K, committed 10624K, reserved 1114112K
  class space    used 896K, committed 1024K, reserved 1048576K
}
Event: 17.566 GC heap after
{Heap after GC invocations=87 (full 0):
 garbage-first heap   total 376832K, used 21176K [0x0000000703e00000, 0x0000000800000000)
  region size 2048K, 2 young (4096K), 2 survivors (4096K)
 Metaspace       used 10344K, committed 10624K, reserved 1114112K
  class space    used 896K, committed 1024K, reserved 1048576K
}
Event: 17.752 GC heap before
{Heap before GC invocations=87 (full 0):
 garbage-first heap   total 376832K, used 240312K [0x0000000703e00000, 0x0000000800000000)
  region size 2048K, 110 young (225280K), 2 survivors (4096K)
 Metaspace       used 10344K, committed 10624K, reserved 1114112K
  class space    used 896K, committed 1024K, reserved 1048576K
}
Event: 17.754 GC heap after
{Heap after GC invocations=88 (full 0):
 garbage-first heap   total 376832K, used 21188K [0x0000000703e00000, 0x0000000800000000)
  region size 2048K, 2 young (4096K), 2 survivors (4096K)
 Metaspace       used 10344K, committed 10624K, reserved 1114112K
  class space    used 896K, committed 1024K, reserved 1048576K
}
Event: 17.949 GC heap before
{Heap before GC invocations=88 (full 0):
 garbage-first heap   total 376832K, used 240324K [0x0000000703e00000, 0x0000000800000000)
  region size 2048K, 110 young (225280K), 2 survivors (4096K)
 Metaspace       used 10344K, committed 10624K, reserved 1114112K
  class space    used 896K, committed 1024K, reserved 1048576K
}
Event: 17.949 GC heap after
{Heap after GC invocations=89 (full 0):
 garbage-first heap   total 376832K, used 17311K [0x0000000703e00000, 0x0000000800000000)
  region size 2048K, 1 young (2048K), 1 survivors (2048K)
 Metaspace       used 10344K, committed 10624K, reserved 1114112K
  class space    used 896K, committed 1024K, reserved 1048576K
}
Event: 18.203 GC heap before
{Heap before GC invocations=89 (full 0):
 garbage-first heap   total 376832K, used 238495K [0x0000000703e00000, 0x0000000800000000)
  region size 2048K, 110 young (225280K), 1 survivors (2048K)
 Metaspace       used 10344K, committed 10624K, reserved 1114112K
  class space    used 896K, committed 1024K, reserved 1048576K
}
Event: 18.205 GC heap after
{Heap after GC invocations=90 (full 0):
 garbage-first heap   total 376832K, used 21217K [0x0000000703e00000, 0x0000000800000000)
  region size 2048K, 2 young (4096K), 2 survivors (4096K)
 Metaspace       used 10344K, committed 10624K, reserved 1114112K
  class space    used 896K, committed 1024K, reserved 1048576K
}
Event: 18.420 GC heap before
{Heap before GC invocations=90 (full 0):
 garbage-first heap   total 376832K, used 240353K [0x0000000703e00000, 0x0000000800000000)
  region size 2048K, 110 young (225280K), 2 survivors (4096K)
 Metaspace       used 10344K, committed 10624K, reserved 1114112K
  class space    used 896K, committed 1024K, reserved 1048576K
}
Event: 18.421 GC heap after
{Heap after GC invocations=91 (full 0):
 garbage-first heap   total 376832K, used 21222K [0x0000000703e00000, 0x0000000800000000)
  region size 2048K, 2 young (4096K), 2 survivors (4096K)
 Metaspace       used 10344K, committed 10624K, reserved 1114112K
  class space    used 896K, committed 1024K, reserved 1048576K
}
Event: 18.625 GC heap before
{Heap before GC invocations=91 (full 0):
 garbage-first heap   total 376832K, used 240358K [0x0000000703e00000, 0x0000000800000000)
  region size 2048K, 110 young (225280K), 2 survivors (4096K)
 Metaspace       used 10344K, committed 10624K, reserved 1114112K
  class space    used 896K, committed 1024K, reserved 1048576K
}
Event: 18.626 GC heap after
{Heap after GC invocations=92 (full 0):
 garbage-first heap   total 376832K, used 17347K [0x0000000703e00000, 0x0000000800000000)
  region size 2048K, 1 young (2048K), 1 survivors (2048K)
 Metaspace       used 10344K, committed 10624K, reserved 1114112K
  class space    used 896K, committed 1024K, reserved 1048576K
}
Event: 18.842 GC heap before
{Heap before GC invocations=92 (full 0):
 garbage-first heap   total 376832K, used 238531K [0x0000000703e00000, 0x0000000800000000)
  region size 2048K, 110 young (225280K), 1 survivors (2048K)
 Metaspace       used 10344K, committed 10624K, reserved 1114112K
  class space    used 896K, committed 1024K, reserved 1048576K
}
Event: 18.843 GC heap after
{Heap after GC invocations=93 (full 0):
 garbage-first heap   total 376832K, used 21251K [0x0000000703e00000, 0x0000000800000000)
  region size 2048K, 2 young (4096K), 2 survivors (4096K)
 Metaspace       used 10344K, committed 10624K, reserved 1114112K
  class space    used 896K, committed 1024K, reserved 1048576K
}
Event: 18.986 GC heap before
{Heap before GC invocations=93 (full 0):
 garbage-first heap   total 376832K, used 240387K [0x0000000703e00000, 0x0000000800000000)
  region size 2048K, 110 young (225280K), 2 survivors (4096K)
 Metaspace       used 10347K, committed 10624K, reserved 1114112K
  class space    used 897K, committed 1024K, reserved 1048576K
}
Event: 18.987 GC heap after
{Heap after GC invocations=94 (full 0):
 garbage-first heap   total 376832K, used 21273K [0x0000000703e00000, 0x0000000800000000)
  region size 2048K, 2 young (4096K), 2 survivors (4096K)
 Metaspace       used 10347K, committed 10624K, reserved 1114112K
  class space    used 897K, committed 1024K, reserved 1048576K
}

