# JRE version: OpenJDK Runtime Environment (20.0.1+9) (build 20.0.1+9-29)
# Java VM: OpenJDK 64-Bit Server VM (20.0.1+9-29, mixed mode, sharing, tiered, compressed oops, compressed class ptrs, g1 gc, windows-amd64)
GC Precious Log:
 CardTable entry size: 512
 Card Set container configuration: InlinePtr #cards 4 size 8 Array Of Cards #cards 16 size 48 Howl #buckets 8 coarsen threshold 3686 Howl Bitmap #cards 512 size 80 coarsen threshold 460 Card regions per heap region 1 cards per card region 4096
 CPUs: 8 total, 8 available
 Memory: 16129M
 Large Page Support: Disabled
 NUMA Support: Disabled
 Compressed Oops: Enabled (Zero based)
 Heap Region Size: 2M
 Heap Min Capacity: 8M
 Heap Initial Capacity: 254M
 Heap Max Capacity: 4034M
 Pre-touch: Disabled
 Parallel Workers: 8
 Concurrent Workers: 2
 Concurrent Refinement Workers: 8
 Periodic GC: Disabled
Heap:
 garbage-first heap   total 260096K, used 105197K [0x0000000703e00000, 0x0000000800000000)
  region size 2048K, 51 young (104448K), 1 survivors (2048K)
 Metaspace       used 4151K, committed 4352K, reserved 1114112K
  class space    used 262K, committed 384K, reserved 1048576K
GC Heap History (20 events):
Event: 0.722 GC heap before
{Heap before GC invocations=0 (full 0):
 garbage-first heap   total 260096K, used 20480K [0x0000000703e00000, 0x0000000800000000)
  region size 2048K, 11 young (22528K), 0 survivors (0K)
 Metaspace       used 3950K, committed 4224K, reserved 1114112K
  class space    used 248K, committed 384K, reserved 1048576K
}
Event: 0.727 GC heap after
{Heap after GC invocations=1 (full 0):
 garbage-first heap   total 260096K, used 4406K [0x0000000703e00000, 0x0000000800000000)
  region size 2048K, 2 young (4096K), 2 survivors (4096K)
 Metaspace       used 3950K, committed 4224K, reserved 1114112K
  class space    used 248K, committed 384K, reserved 1048576K
}
Event: 1.420 GC heap before
{Heap before GC invocations=1 (full 0):
 garbage-first heap   total 260096K, used 35126K [0x0000000703e00000, 0x0000000800000000)
  region size 2048K, 17 young (34816K), 2 survivors (4096K)
 Metaspace       used 4139K, committed 4352K, reserved 1114112K
  class space    used 261K, committed 384K, reserved 1048576K
}
Event: 1.423 GC heap after
{Heap after GC invocations=2 (full 0):
 garbage-first heap   total 260096K, used 4970K [0x0000000703e00000, 0x0000000800000000)
  region size 2048K, 1 young (2048K), 1 survivors (2048K)
 Metaspace       used 4139K, committed 4352K, reserved 1114112K
  class space    used 261K, committed 384K, reserved 1048576K
}
Event: 4.111 GC heap before
{Heap before GC invocations=2 (full 0):
 garbage-first heap   total 260096K, used 158570K [0x0000000703e00000, 0x0000000800000000)
  region size 2048K, 76 young (155648K), 1 survivors (2048K)
 Metaspace       used 4140K, committed 4352K, reserved 1114112K
  class space    used 261K, committed 384K, reserved 1048576K
}
Event: 4.112 GC heap after
{Heap after GC invocations=3 (full 0):
 garbage-first heap   total 260096K, used 4857K [0x0000000703e00000, 0x0000000800000000)
  region size 2048K, 1 young (2048K), 1 survivors (2048K)
 Metaspace       used 4140K, committed 4352K, reserved 1114112K
  class space    used 261K, committed 384K, reserved 1048576K
}
Event: 6.804 GC heap before
{Heap before GC invocations=3 (full 0):
 garbage-first heap   total 260096K, used 158457K [0x0000000703e00000, 0x0000000800000000)
  region size 2048K, 76 young (155648K), 1 survivors (2048K)
 Metaspace       used 4145K, committed 4352K, reserved 1114112K
  class space    used 261K, committed 384K, reserved 1048576K
}
Event: 6.806 GC heap after
{Heap after GC invocations=4 (full 0):
 garbage-first heap   total 260096K, used 4839K [0x0000000703e00000, 0x0000000800000000)
  region size 2048K, 1 young (2048K), 1 survivors (2048K)
 Metaspace       used 4145K, committed 4352K, reserved 1114112K
  class space    used 261K, committed 384K, reserved 1048576K
}
Event: 9.631 GC heap before
{Heap before GC invocations=4 (full 0):
 garbage-first heap   total 260096K, used 158439K [0x0000000703e00000, 0x0000000800000000)
  region size 2048K, 76 young (155648K), 1 survivors (2048K)
 Metaspace       used 4145K, committed 4352K, reserved 1114112K
  class space    used 261K, committed 384K, reserved 1048576K
}
Event: 9.632 GC heap after
{Heap after GC invocations=5 (full 0):
 garbage-first heap   total 260096K, used 4833K [0x0000000703e00000, 0x0000000800000000)
  region size 2048K, 1 young (2048K), 1 survivors (2048K)
 Metaspace       used 4145K, committed 4352K, reserved 1114112K
  class space    used 261K, committed 384K, reserved 1048576K
}
Event: 12.520 GC heap before
{Heap before GC invocations=5 (full 0):
 garbage-first heap   total 260096K, used 158433K [0x0000000703e00000, 0x0000000800000000)
  region size 2048K, 76 young (155648K), 1 survivors (2048K)
 Metaspace       used 4148K, committed 4352K, reserved 1114112K
  class space    used 261K, committed 384K, reserved 1048576K
}
Event: 12.521 GC heap after
{Heap after GC invocations=6 (full 0):
 garbage-first heap   total 260096K, used 4842K [0x0000000703e00000, 0x0000000800000000)
  region size 2048K, 1 young (2048K), 1 survivors (2048K)
 Metaspace       used 4148K, committed 4352K, reserved 1114112K
  class space    used 261K, committed 384K, reserved 1048576K
}
Event: 15.424 GC heap before
{Heap before GC invocations=6 (full 0):
 garbage-first heap   total 260096K, used 158442K [0x0000000703e00000, 0x0000000800000000)
  region size 2048K, 76 young (155648K), 1 survivors (2048K)
 Metaspace       used 4148K, committed 4352K, reserved 1114112K
  class space    used 261K, committed 384K, reserved 1048576K
}
Event: 15.426 GC heap after
{Heap after GC invocations=7 (full 0):
 garbage-first heap   total 260096K, used 4828K [0x0000000703e00000, 0x0000000800000000)
  region size 2048K, 1 young (2048K), 1 survivors (2048K)
 Metaspace       used 4148K, committed 4352K, reserved 1114112K
  class space    used 261K, committed 384K, reserved 1048576K
}
Event: 18.353 GC heap before
{Heap before GC invocations=7 (full 0):
 garbage-first heap   total 260096K, used 158428K [0x0000000703e00000, 0x0000000800000000)
  region size 2048K, 76 young (155648K), 1 survivors (2048K)
 Metaspace       used 4148K, committed 4352K, reserved 1114112K
  class space    used 261K, committed 384K, reserved 1048576K
}
Event: 18.354 GC heap after
{Heap after GC invocations=8 (full 0):
 garbage-first heap   total 260096K, used 4815K [0x0000000703e00000, 0x0000000800000000)
  region size 2048K, 1 young (2048K), 1 survivors (2048K)
 Metaspace       used 4148K, committed 4352K, reserved 1114112K
  class space    used 261K, committed 384K, reserved 1048576K
}
Event: 21.450 GC heap before
{Heap before GC invocations=8 (full 0):
 garbage-first heap   total 260096K, used 158415K [0x0000000703e00000, 0x0000000800000000)
  region size 2048K, 76 young (155648K), 1 survivors (2048K)
 Metaspace       used 4148K, committed 4352K, reserved 1114112K
  class space    used 261K, committed 384K, reserved 1048576K
}
Event: 21.451 GC heap after
{Heap after GC invocations=9 (full 0):
 garbage-first heap   total 260096K, used 4838K [0x0000000703e00000, 0x0000000800000000)
  region size 2048K, 1 young (2048K), 1 survivors (2048K)
 Metaspace       used 4148K, committed 4352K, reserved 1114112K
  class space    used 261K, committed 384K, reserved 1048576K
}
Event: 24.438 GC heap before
{Heap before GC invocations=9 (full 0):
 garbage-first heap   total 260096K, used 158438K [0x0000000703e00000, 0x0000000800000000)
  region size 2048K, 76 young (155648K), 1 survivors (2048K)
 Metaspace       used 4148K, committed 4352K, reserved 1114112K
  class space    used 261K, committed 384K, reserved 1048576K
}
Event: 24.439 GC heap after
{Heap after GC invocations=10 (full 0):
 garbage-first heap   total 260096K, used 4845K [0x0000000703e00000, 0x0000000800000000)
  region size 2048K, 1 young (2048K), 1 survivors (2048K)
 Metaspace       used 4148K, committed 4352K, reserved 1114112K
  class space    used 261K, committed 384K, reserved 1048576K
}

