# JRE version: OpenJDK Runtime Environment (20.0.1+9) (build 20.0.1+9-29)
# Java VM: OpenJDK 64-Bit Server VM (20.0.1+9-29, mixed mode, sharing, tiered, compressed oops, compressed class ptrs, g1 gc, windows-amd64)
GC Precious Log:
 CardTable entry size: 512
 Card Set container configuration: InlinePtr #cards 4 size 8 Array Of Cards #cards 16 size 48 Howl #buckets 8 coarsen threshold 3686 Howl Bitmap #cards 512 size 80 coarsen threshold 460 Card regions per heap region 1 cards per card region 4096
 CPUs: 8 total, 8 available
 Memory: 16129M
 Large Page Support: Disabled
 NUMA Support: Disabled
 Compressed Oops: Enabled (Zero based)
 Heap Region Size: 2M
 Heap Min Capacity: 8M
 Heap Initial Capacity: 254M
 Heap Max Capacity: 4034M
 Pre-touch: Disabled
 Parallel Workers: 8
 Concurrent Workers: 2
 Concurrent Refinement Workers: 8
 Periodic GC: Disabled
Heap:
 garbage-first heap   total 376832K, used 82137K [0x0000000703e00000, 0x0000000800000000)
  region size 2048K, 33 young (67584K), 2 survivors (4096K)
 Metaspace       used 10293K, committed 10560K, reserved 1114112K
  class space    used 893K, committed 1024K, reserved 1048576K
GC Heap History (20 events):
Event: 29.370 GC heap before
{Heap before GC invocations=172 (full 0):
 garbage-first heap   total 376832K, used 240778K [0x0000000703e00000, 0x0000000800000000)
  region size 2048K, 110 young (225280K), 2 survivors (4096K)
 Metaspace       used 10290K, committed 10560K, reserved 1114112K
  class space    used 892K, committed 1024K, reserved 1048576K
}
Event: 29.372 GC heap after
{Heap after GC invocations=173 (full 0):
 garbage-first heap   total 376832K, used 23666K [0x0000000703e00000, 0x0000000800000000)
  region size 2048K, 3 young (6144K), 3 survivors (6144K)
 Metaspace       used 10290K, committed 10560K, reserved 1114112K
  class space    used 892K, committed 1024K, reserved 1048576K
}
Event: 29.560 GC heap before
{Heap before GC invocations=173 (full 0):
 garbage-first heap   total 376832K, used 240754K [0x0000000703e00000, 0x0000000800000000)
  region size 2048K, 110 young (225280K), 3 survivors (6144K)
 Metaspace       used 10290K, committed 10560K, reserved 1114112K
  class space    used 892K, committed 1024K, reserved 1048576K
}
Event: 29.562 GC heap after
{Heap after GC invocations=174 (full 0):
 garbage-first heap   total 376832K, used 22619K [0x0000000703e00000, 0x0000000800000000)
  region size 2048K, 2 young (4096K), 2 survivors (4096K)
 Metaspace       used 10290K, committed 10560K, reserved 1114112K
  class space    used 892K, committed 1024K, reserved 1048576K
}
Event: 29.755 GC heap before
{Heap before GC invocations=174 (full 0):
 garbage-first heap   total 376832K, used 241755K [0x0000000703e00000, 0x0000000800000000)
  region size 2048K, 110 young (225280K), 2 survivors (4096K)
 Metaspace       used 10290K, committed 10560K, reserved 1114112K
  class space    used 892K, committed 1024K, reserved 1048576K
}
Event: 29.757 GC heap after
{Heap after GC invocations=175 (full 0):
 garbage-first heap   total 376832K, used 21676K [0x0000000703e00000, 0x0000000800000000)
  region size 2048K, 2 young (4096K), 2 survivors (4096K)
 Metaspace       used 10290K, committed 10560K, reserved 1114112K
  class space    used 892K, committed 1024K, reserved 1048576K
}
Event: 29.958 GC heap before
{Heap before GC invocations=175 (full 0):
 garbage-first heap   total 376832K, used 240812K [0x0000000703e00000, 0x0000000800000000)
  region size 2048K, 110 young (225280K), 2 survivors (4096K)
 Metaspace       used 10290K, committed 10560K, reserved 1114112K
  class space    used 892K, committed 1024K, reserved 1048576K
}
Event: 29.960 GC heap after
{Heap after GC invocations=176 (full 0):
 garbage-first heap   total 376832K, used 21700K [0x0000000703e00000, 0x0000000800000000)
  region size 2048K, 2 young (4096K), 2 survivors (4096K)
 Metaspace       used 10290K, committed 10560K, reserved 1114112K
  class space    used 892K, committed 1024K, reserved 1048576K
}
Event: 30.144 GC heap before
{Heap before GC invocations=176 (full 0):
 garbage-first heap   total 376832K, used 240836K [0x0000000703e00000, 0x0000000800000000)
  region size 2048K, 110 young (225280K), 2 survivors (4096K)
 Metaspace       used 10290K, committed 10560K, reserved 1114112K
  class space    used 892K, committed 1024K, reserved 1048576K
}
Event: 30.146 GC heap after
{Heap after GC invocations=177 (full 0):
 garbage-first heap   total 376832K, used 18783K [0x0000000703e00000, 0x0000000800000000)
  region size 2048K, 1 young (2048K), 1 survivors (2048K)
 Metaspace       used 10290K, committed 10560K, reserved 1114112K
  class space    used 892K, committed 1024K, reserved 1048576K
}
Event: 30.336 GC heap before
{Heap before GC invocations=177 (full 0):
 garbage-first heap   total 376832K, used 239967K [0x0000000703e00000, 0x0000000800000000)
  region size 2048K, 110 young (225280K), 1 survivors (2048K)
 Metaspace       used 10290K, committed 10560K, reserved 1114112K
  class space    used 892K, committed 1024K, reserved 1048576K
}
Event: 30.337 GC heap after
{Heap after GC invocations=178 (full 0):
 garbage-first heap   total 376832K, used 22702K [0x0000000703e00000, 0x0000000800000000)
  region size 2048K, 2 young (4096K), 2 survivors (4096K)
 Metaspace       used 10290K, committed 10560K, reserved 1114112K
  class space    used 892K, committed 1024K, reserved 1048576K
}
Event: 30.510 GC heap before
{Heap before GC invocations=178 (full 0):
 garbage-first heap   total 376832K, used 241838K [0x0000000703e00000, 0x0000000800000000)
  region size 2048K, 110 young (225280K), 2 survivors (4096K)
 Metaspace       used 10290K, committed 10560K, reserved 1114112K
  class space    used 892K, committed 1024K, reserved 1048576K
}
Event: 30.511 GC heap after
{Heap after GC invocations=179 (full 0):
 garbage-first heap   total 376832K, used 21738K [0x0000000703e00000, 0x0000000800000000)
  region size 2048K, 2 young (4096K), 2 survivors (4096K)
 Metaspace       used 10290K, committed 10560K, reserved 1114112K
  class space    used 892K, committed 1024K, reserved 1048576K
}
Event: 30.742 GC heap before
{Heap before GC invocations=179 (full 0):
 garbage-first heap   total 376832K, used 240874K [0x0000000703e00000, 0x0000000800000000)
  region size 2048K, 111 young (227328K), 2 survivors (4096K)
 Metaspace       used 10290K, committed 10560K, reserved 1114112K
  class space    used 892K, committed 1024K, reserved 1048576K
}
Event: 30.743 GC heap after
{Heap after GC invocations=180 (full 0):
 garbage-first heap   total 376832K, used 18814K [0x0000000703e00000, 0x0000000800000000)
  region size 2048K, 1 young (2048K), 1 survivors (2048K)
 Metaspace       used 10290K, committed 10560K, reserved 1114112K
  class space    used 892K, committed 1024K, reserved 1048576K
}
Event: 30.978 GC heap before
{Heap before GC invocations=180 (full 0):
 garbage-first heap   total 376832K, used 239998K [0x0000000703e00000, 0x0000000800000000)
  region size 2048K, 110 young (225280K), 1 survivors (2048K)
 Metaspace       used 10290K, committed 10560K, reserved 1114112K
  class space    used 892K, committed 1024K, reserved 1048576K
}
Event: 30.979 GC heap after
{Heap after GC invocations=181 (full 0):
 garbage-first heap   total 376832K, used 18839K [0x0000000703e00000, 0x0000000800000000)
  region size 2048K, 1 young (2048K), 1 survivors (2048K)
 Metaspace       used 10290K, committed 10560K, reserved 1114112K
  class space    used 892K, committed 1024K, reserved 1048576K
}
Event: 31.121 GC heap before
{Heap before GC invocations=181 (full 0):
 garbage-first heap   total 376832K, used 240023K [0x0000000703e00000, 0x0000000800000000)
  region size 2048K, 110 young (225280K), 1 survivors (2048K)
 Metaspace       used 10292K, committed 10560K, reserved 1114112K
  class space    used 893K, committed 1024K, reserved 1048576K
}
Event: 31.122 GC heap after
{Heap after GC invocations=182 (full 0):
 garbage-first heap   total 376832K, used 22745K [0x0000000703e00000, 0x0000000800000000)
  region size 2048K, 2 young (4096K), 2 survivors (4096K)
 Metaspace       used 10292K, committed 10560K, reserved 1114112K
  class space    used 893K, committed 1024K, reserved 1048576K
}

